This is pdfTeX, Version 3.1415926-2.3-1.40.12 (MiKTeX 2.9) (preloaded format=pdflatex 2014.11.24)  17 MAR 2015 09:20
entering extended mode
**elsarticle-template-num.tex

(C:\Users\mbgm6aab\Documents\AdvancedMetallicSystemsCDT\PhD\Thesis\elsarticle\e
lsarticle-template-num.tex
LaTeX2e <2011/06/27>
Babel <v3.8m> and hyphenation patterns for english, afrikaans, ancientgreek, ar
abic, armenian, assamese, basque, bengali, bokmal, bulgarian, catalan, coptic, 
croatian, czech, danish, dutch, esperanto, estonian, farsi, finnish, french, ga
lician, german, german-x-2009-06-19, greek, gujarati, hindi, hungarian, iceland
ic, indonesian, interlingua, irish, italian, kannada, kurmanji, lao, latin, lat
vian, lithuanian, malayalam, marathi, mongolian, mongolianlmc, monogreek, ngerm
an, ngerman-x-2009-06-19, nynorsk, oriya, panjabi, pinyin, polish, portuguese, 
romanian, russian, sanskrit, serbian, slovak, slovenian, spanish, swedish, swis
sgerman, tamil, telugu, turkish, turkmen, ukenglish, ukrainian, uppersorbian, u
senglishmax, welsh, loaded.

(C:\Users\mbgm6aab\AppData\Roaming\MiKTeX\2.9\tex\latex\elsarticle\elsarticle.c
ls
Document Class: elsarticle 2009/09/17, 1.2.0: Elsevier Ltd
\@bls=\dimen102
("C:\Program Files (x86)\MiKTeX 2.9\tex\latex\base\article.cls"
Document Class: article 2007/10/19 v1.4h Standard LaTeX document class
("C:\Program Files (x86)\MiKTeX 2.9\tex\latex\base\size10.clo"
File: size10.clo 2007/10/19 v1.4h Standard LaTeX file (size option)
)
\c@part=\count79
\c@section=\count80
\c@subsection=\count81
\c@subsubsection=\count82
\c@paragraph=\count83
\c@subparagraph=\count84
\c@figure=\count85
\c@table=\count86
\abovecaptionskip=\skip41
\belowcaptionskip=\skip42
\bibindent=\dimen103
)
("C:\Program Files (x86)\MiKTeX 2.9\tex\latex\graphics\graphicx.sty"
Package: graphicx 1999/02/16 v1.0f Enhanced LaTeX Graphics (DPC,SPQR)

("C:\Program Files (x86)\MiKTeX 2.9\tex\latex\graphics\keyval.sty"
Package: keyval 1999/03/16 v1.13 key=value parser (DPC)
\KV@toks@=\toks14
)
("C:\Program Files (x86)\MiKTeX 2.9\tex\latex\graphics\graphics.sty"
Package: graphics 2009/02/05 v1.0o Standard LaTeX Graphics (DPC,SPQR)

("C:\Program Files (x86)\MiKTeX 2.9\tex\latex\graphics\trig.sty"
Package: trig 1999/03/16 v1.09 sin cos tan (DPC)
)
("C:\Program Files (x86)\MiKTeX 2.9\tex\latex\00miktex\graphics.cfg"
File: graphics.cfg 2007/01/18 v1.5 graphics configuration of teTeX/TeXLive
)
Package graphics Info: Driver file: pdftex.def on input line 91.

("C:\Program Files (x86)\MiKTeX 2.9\tex\latex\pdftex-def\pdftex.def"
File: pdftex.def 2011/05/27 v0.06d Graphics/color for pdfTeX

("C:\Program Files (x86)\MiKTeX 2.9\tex\generic\oberdiek\infwarerr.sty"
Package: infwarerr 2010/04/08 v1.3 Providing info/warning/error messages (HO)
)
("C:\Program Files (x86)\MiKTeX 2.9\tex\generic\oberdiek\ltxcmds.sty"
Package: ltxcmds 2011/11/09 v1.22 LaTeX kernel commands for general use (HO)
)
\Gread@gobject=\count87
))
\Gin@req@height=\dimen104
\Gin@req@width=\dimen105
)
("C:\Program Files (x86)\MiKTeX 2.9\tex\latex\psnfss\pifont.sty"
Package: pifont 2005/04/12 PSNFSS-v9.2a Pi font support (SPQR) 
LaTeX Font Info:    Try loading font information for U+pzd on input line 63.

("C:\Program Files (x86)\MiKTeX 2.9\tex\latex\psnfss\upzd.fd"
File: upzd.fd 2001/06/04 font definitions for U/pzd.
)
LaTeX Font Info:    Try loading font information for U+psy on input line 64.

("C:\Program Files (x86)\MiKTeX 2.9\tex\latex\psnfss\upsy.fd"
File: upsy.fd 2001/06/04 font definitions for U/psy.
))
\c@tnote=\count88
\c@fnote=\count89
\c@cnote=\count90
\c@ead=\count91
\c@author=\count92
\@eadauthor=\toks15
\c@affn=\count93
\absbox=\box26
\keybox=\box27
\Columnwidth=\dimen106
\space@left=\dimen107
\els@boxa=\box28
\els@boxb=\box29
\leftMargin=\dimen108
\@enLab=\toks16
\@sep=\skip43
\@@sep=\skip44

(C:\Users\mbgm6aab\Documents\AdvancedMetallicSystemsCDT\PhD\Thesis\elsarticle\e
lsarticle-template-num.spl)
(C:\Users\mbgm6aab\AppData\Roaming\MiKTeX\2.9\tex\latex\natbib\natbib.sty
Package: natbib 2010/09/13 8.31b (PWD, AO)
\bibhang=\skip45
\bibsep=\skip46
LaTeX Info: Redefining \cite on input line 694.
\c@NAT@ctr=\count94
)
\splwrite=\write3

("C:\Program Files (x86)\MiKTeX 2.9\tex\latex\geometry\geometry.sty"
Package: geometry 2010/09/12 v5.6 Page Geometry

("C:\Program Files (x86)\MiKTeX 2.9\tex\generic\oberdiek\ifpdf.sty"
Package: ifpdf 2011/01/30 v2.3 Provides the ifpdf switch (HO)
Package ifpdf Info: pdfTeX in PDF mode is detected.
)
("C:\Program Files (x86)\MiKTeX 2.9\tex\generic\oberdiek\ifvtex.sty"
Package: ifvtex 2010/03/01 v1.5 Detect VTeX and its facilities (HO)
Package ifvtex Info: VTeX not detected.
)
("C:\Program Files (x86)\MiKTeX 2.9\tex\generic\ifxetex\ifxetex.sty"
Package: ifxetex 2010/09/12 v0.6 Provides ifxetex conditional
)
\Gm@cnth=\count95
\Gm@cntv=\count96
\c@Gm@tempcnt=\count97
\Gm@bindingoffset=\dimen109
\Gm@wd@mp=\dimen110
\Gm@odd@mp=\dimen111
\Gm@even@mp=\dimen112
\Gm@layoutwidth=\dimen113
\Gm@layoutheight=\dimen114
\Gm@layouthoffset=\dimen115
\Gm@layoutvoffset=\dimen116
\Gm@dimlist=\toks17

("C:\Program Files (x86)\MiKTeX 2.9\tex\latex\geometry\geometry.cfg"))
("C:\Program Files (x86)\MiKTeX 2.9\tex\latex\base\fleqn.clo"
File: fleqn.clo 1998/08/17 v1.1c Standard LaTeX option (flush left equations)
\mathindent=\dimen117
))
(C:\Users\mbgm6aab\AppData\Roaming\MiKTeX\2.9\tex\latex\txfonts\txfonts.sty
Package: txfonts 2008/01/22 v3.2.1
LaTeX Font Info:    Redeclaring symbol font `operators' on input line 21.
LaTeX Font Info:    Overwriting symbol font `operators' in version `normal'
(Font)                  OT1/cmr/m/n --> OT1/txr/m/n on input line 21.
LaTeX Font Info:    Overwriting symbol font `operators' in version `bold'
(Font)                  OT1/cmr/bx/n --> OT1/txr/m/n on input line 21.
LaTeX Font Info:    Overwriting symbol font `operators' in version `bold'
(Font)                  OT1/txr/m/n --> OT1/txr/bx/n on input line 22.
\symitalic=\mathgroup4
LaTeX Font Info:    Overwriting symbol font `italic' in version `bold'
(Font)                  OT1/txr/m/it --> OT1/txr/bx/it on input line 26.
LaTeX Font Info:    Redeclaring math alphabet \mathbf on input line 29.
LaTeX Font Info:    Overwriting math alphabet `\mathbf' in version `normal'
(Font)                  OT1/cmr/bx/n --> OT1/txr/bx/n on input line 29.
LaTeX Font Info:    Overwriting math alphabet `\mathbf' in version `bold'
(Font)                  OT1/cmr/bx/n --> OT1/txr/bx/n on input line 29.
LaTeX Font Info:    Redeclaring math alphabet \mathit on input line 30.
LaTeX Font Info:    Overwriting math alphabet `\mathit' in version `normal'
(Font)                  OT1/cmr/m/it --> OT1/txr/m/it on input line 30.
LaTeX Font Info:    Overwriting math alphabet `\mathit' in version `bold'
(Font)                  OT1/cmr/bx/it --> OT1/txr/m/it on input line 30.
LaTeX Font Info:    Overwriting math alphabet `\mathit' in version `bold'
(Font)                  OT1/txr/m/it --> OT1/txr/bx/it on input line 31.
LaTeX Font Info:    Redeclaring math alphabet \mathsf on input line 40.
LaTeX Font Info:    Overwriting math alphabet `\mathsf' in version `normal'
(Font)                  OT1/cmss/m/n --> OT1/txss/m/n on input line 40.
LaTeX Font Info:    Overwriting math alphabet `\mathsf' in version `bold'
(Font)                  OT1/cmss/bx/n --> OT1/txss/m/n on input line 40.
LaTeX Font Info:    Overwriting math alphabet `\mathsf' in version `bold'
(Font)                  OT1/txss/m/n --> OT1/txss/b/n on input line 41.
LaTeX Font Info:    Redeclaring math alphabet \mathtt on input line 50.
LaTeX Font Info:    Overwriting math alphabet `\mathtt' in version `normal'
(Font)                  OT1/cmtt/m/n --> OT1/txtt/m/n on input line 50.
LaTeX Font Info:    Overwriting math alphabet `\mathtt' in version `bold'
(Font)                  OT1/cmtt/m/n --> OT1/txtt/m/n on input line 50.
LaTeX Font Info:    Overwriting math alphabet `\mathtt' in version `bold'
(Font)                  OT1/txtt/m/n --> OT1/txtt/b/n on input line 51.
LaTeX Font Info:    Redeclaring symbol font `letters' on input line 58.
LaTeX Font Info:    Overwriting symbol font `letters' in version `normal'
(Font)                  OML/cmm/m/it --> OML/txmi/m/it on input line 58.
LaTeX Font Info:    Overwriting symbol font `letters' in version `bold'
(Font)                  OML/cmm/b/it --> OML/txmi/m/it on input line 58.
LaTeX Font Info:    Overwriting symbol font `letters' in version `bold'
(Font)                  OML/txmi/m/it --> OML/txmi/bx/it on input line 59.
\symlettersA=\mathgroup5
LaTeX Font Info:    Overwriting symbol font `lettersA' in version `bold'
(Font)                  U/txmia/m/it --> U/txmia/bx/it on input line 67.
LaTeX Font Info:    Redeclaring symbol font `symbols' on input line 77.
LaTeX Font Info:    Overwriting symbol font `symbols' in version `normal'
(Font)                  OMS/cmsy/m/n --> OMS/txsy/m/n on input line 77.
LaTeX Font Info:    Overwriting symbol font `symbols' in version `bold'
(Font)                  OMS/cmsy/b/n --> OMS/txsy/m/n on input line 77.
LaTeX Font Info:    Overwriting symbol font `symbols' in version `bold'
(Font)                  OMS/txsy/m/n --> OMS/txsy/bx/n on input line 78.
\symAMSa=\mathgroup6
LaTeX Font Info:    Overwriting symbol font `AMSa' in version `bold'
(Font)                  U/txsya/m/n --> U/txsya/bx/n on input line 94.
\symAMSb=\mathgroup7
LaTeX Font Info:    Overwriting symbol font `AMSb' in version `bold'
(Font)                  U/txsyb/m/n --> U/txsyb/bx/n on input line 103.
\symsymbolsC=\mathgroup8
LaTeX Font Info:    Overwriting symbol font `symbolsC' in version `bold'
(Font)                  U/txsyc/m/n --> U/txsyc/bx/n on input line 113.
LaTeX Font Info:    Redeclaring symbol font `largesymbols' on input line 120.
LaTeX Font Info:    Overwriting symbol font `largesymbols' in version `normal'
(Font)                  OMX/cmex/m/n --> OMX/txex/m/n on input line 120.
LaTeX Font Info:    Overwriting symbol font `largesymbols' in version `bold'
(Font)                  OMX/cmex/m/n --> OMX/txex/m/n on input line 120.
LaTeX Font Info:    Overwriting symbol font `largesymbols' in version `bold'
(Font)                  OMX/txex/m/n --> OMX/txex/bx/n on input line 121.
\symlargesymbolsA=\mathgroup9
LaTeX Font Info:    Overwriting symbol font `largesymbolsA' in version `bold'
(Font)                  U/txexa/m/n --> U/txexa/bx/n on input line 129.
LaTeX Info: Redefining \not on input line 1043.
)
("C:\Program Files (x86)\MiKTeX 2.9\tex\latex\amsfonts\amssymb.sty"
Package: amssymb 2009/06/22 v3.00

("C:\Program Files (x86)\MiKTeX 2.9\tex\latex\amsfonts\amsfonts.sty"
Package: amsfonts 2009/06/22 v3.00 Basic AMSFonts support
\@emptytoks=\toks18
LaTeX Font Info:    Redeclaring symbol font `AMSa' on input line 49.
LaTeX Font Info:    Overwriting symbol font `AMSa' in version `normal'
(Font)                  U/txsya/m/n --> U/msa/m/n on input line 49.
LaTeX Font Info:    Overwriting symbol font `AMSa' in version `bold'
(Font)                  U/txsya/bx/n --> U/msa/m/n on input line 49.
LaTeX Font Info:    Redeclaring symbol font `AMSb' on input line 50.
LaTeX Font Info:    Overwriting symbol font `AMSb' in version `normal'
(Font)                  U/txsyb/m/n --> U/msb/m/n on input line 50.
LaTeX Font Info:    Overwriting symbol font `AMSb' in version `bold'
(Font)                  U/txsyb/bx/n --> U/msb/m/n on input line 50.
LaTeX Font Info:    Redeclaring math delimiter \ulcorner on input line 64.
LaTeX Font Info:    Redeclaring math delimiter \urcorner on input line 65.
LaTeX Font Info:    Redeclaring math delimiter \llcorner on input line 66.
LaTeX Font Info:    Redeclaring math delimiter \lrcorner on input line 67.
LaTeX Font Info:    Redeclaring math alphabet \mathfrak on input line 95.
LaTeX Font Info:    Overwriting math alphabet `\mathfrak' in version `bold'
(Font)                  U/euf/m/n --> U/euf/b/n on input line 96.
LaTeX Font Info:    Redeclaring math symbol \square on input line 128.
LaTeX Font Info:    Redeclaring math symbol \lozenge on input line 129.
LaTeX Font Info:    Redeclaring math symbol \vartriangleright on input line 130
.
LaTeX Font Info:    Redeclaring math symbol \vartriangleleft on input line 131.

LaTeX Font Info:    Redeclaring math symbol \trianglerighteq on input line 132.

LaTeX Font Info:    Redeclaring math symbol \trianglelefteq on input line 133.
LaTeX Font Info:    Redeclaring math symbol \rightsquigarrow on input line 134.

)
LaTeX Font Info:    Redeclaring math symbol \boxdot on input line 39.
LaTeX Font Info:    Redeclaring math symbol \boxplus on input line 40.
LaTeX Font Info:    Redeclaring math symbol \boxtimes on input line 41.
LaTeX Font Info:    Redeclaring math symbol \blacksquare on input line 43.
LaTeX Font Info:    Redeclaring math symbol \centerdot on input line 44.
LaTeX Font Info:    Redeclaring math symbol \blacklozenge on input line 46.
LaTeX Font Info:    Redeclaring math symbol \circlearrowright on input line 47.

LaTeX Font Info:    Redeclaring math symbol \circlearrowleft on input line 48.
LaTeX Font Info:    Redeclaring math symbol \leftrightharpoons on input line 51
.
LaTeX Font Info:    Redeclaring math symbol \boxminus on input line 52.
LaTeX Font Info:    Redeclaring math symbol \Vdash on input line 53.
LaTeX Font Info:    Redeclaring math symbol \Vvdash on input line 54.
LaTeX Font Info:    Redeclaring math symbol \vDash on input line 55.
LaTeX Font Info:    Redeclaring math symbol \twoheadrightarrow on input line 56
.
LaTeX Font Info:    Redeclaring math symbol \twoheadleftarrow on input line 57.

LaTeX Font Info:    Redeclaring math symbol \leftleftarrows on input line 58.
LaTeX Font Info:    Redeclaring math symbol \rightrightarrows on input line 59.

LaTeX Font Info:    Redeclaring math symbol \upuparrows on input line 60.
LaTeX Font Info:    Redeclaring math symbol \downdownarrows on input line 61.
LaTeX Font Info:    Redeclaring math symbol \upharpoonright on input line 62.
LaTeX Font Info:    Redeclaring math symbol \downharpoonright on input line 64.

LaTeX Font Info:    Redeclaring math symbol \upharpoonleft on input line 65.
LaTeX Font Info:    Redeclaring math symbol \downharpoonleft on input line 66.
LaTeX Font Info:    Redeclaring math symbol \rightarrowtail on input line 67.
LaTeX Font Info:    Redeclaring math symbol \leftarrowtail on input line 68.
LaTeX Font Info:    Redeclaring math symbol \leftrightarrows on input line 69.
LaTeX Font Info:    Redeclaring math symbol \rightleftarrows on input line 70.
LaTeX Font Info:    Redeclaring math symbol \Lsh on input line 71.
LaTeX Font Info:    Redeclaring math symbol \Rsh on input line 72.
LaTeX Font Info:    Redeclaring math symbol \leftrightsquigarrow on input line 
74.
LaTeX Font Info:    Redeclaring math symbol \looparrowleft on input line 75.
LaTeX Font Info:    Redeclaring math symbol \looparrowright on input line 76.
LaTeX Font Info:    Redeclaring math symbol \circeq on input line 77.
LaTeX Font Info:    Redeclaring math symbol \succsim on input line 78.
LaTeX Font Info:    Redeclaring math symbol \gtrsim on input line 79.
LaTeX Font Info:    Redeclaring math symbol \gtrapprox on input line 80.
LaTeX Font Info:    Redeclaring math symbol \multimap on input line 81.
LaTeX Font Info:    Redeclaring math symbol \therefore on input line 82.
LaTeX Font Info:    Redeclaring math symbol \because on input line 83.
LaTeX Font Info:    Redeclaring math symbol \doteqdot on input line 84.
LaTeX Font Info:    Redeclaring math symbol \triangleq on input line 86.
LaTeX Font Info:    Redeclaring math symbol \precsim on input line 87.
LaTeX Font Info:    Redeclaring math symbol \lesssim on input line 88.
LaTeX Font Info:    Redeclaring math symbol \lessapprox on input line 89.
LaTeX Font Info:    Redeclaring math symbol \eqslantless on input line 90.
LaTeX Font Info:    Redeclaring math symbol \eqslantgtr on input line 91.
LaTeX Font Info:    Redeclaring math symbol \curlyeqprec on input line 92.
LaTeX Font Info:    Redeclaring math symbol \curlyeqsucc on input line 93.
LaTeX Font Info:    Redeclaring math symbol \preccurlyeq on input line 94.
LaTeX Font Info:    Redeclaring math symbol \leqq on input line 95.
LaTeX Font Info:    Redeclaring math symbol \leqslant on input line 96.
LaTeX Font Info:    Redeclaring math symbol \lessgtr on input line 97.
LaTeX Font Info:    Redeclaring math symbol \backprime on input line 98.
LaTeX Font Info:    Redeclaring math symbol \risingdotseq on input line 99.
LaTeX Font Info:    Redeclaring math symbol \fallingdotseq on input line 100.
LaTeX Font Info:    Redeclaring math symbol \succcurlyeq on input line 101.
LaTeX Font Info:    Redeclaring math symbol \geqq on input line 102.
LaTeX Font Info:    Redeclaring math symbol \geqslant on input line 103.
LaTeX Font Info:    Redeclaring math symbol \gtrless on input line 104.
LaTeX Font Info:    Redeclaring math symbol \bigstar on input line 112.
LaTeX Font Info:    Redeclaring math symbol \between on input line 113.
LaTeX Font Info:    Redeclaring math symbol \blacktriangledown on input line 11
4.
LaTeX Font Info:    Redeclaring math symbol \blacktriangleright on input line 1
15.
LaTeX Font Info:    Redeclaring math symbol \blacktriangleleft on input line 11
6.
LaTeX Font Info:    Redeclaring math symbol \vartriangle on input line 117.
LaTeX Font Info:    Redeclaring math symbol \blacktriangle on input line 118.
LaTeX Font Info:    Redeclaring math symbol \triangledown on input line 119.
LaTeX Font Info:    Redeclaring math symbol \eqcirc on input line 120.
LaTeX Font Info:    Redeclaring math symbol \lesseqgtr on input line 121.
LaTeX Font Info:    Redeclaring math symbol \gtreqless on input line 122.
LaTeX Font Info:    Redeclaring math symbol \lesseqqgtr on input line 123.
LaTeX Font Info:    Redeclaring math symbol \gtreqqless on input line 124.
LaTeX Font Info:    Redeclaring math symbol \Rrightarrow on input line 125.
LaTeX Font Info:    Redeclaring math symbol \Lleftarrow on input line 126.
LaTeX Font Info:    Redeclaring math symbol \veebar on input line 127.
LaTeX Font Info:    Redeclaring math symbol \barwedge on input line 128.
LaTeX Font Info:    Redeclaring math symbol \doublebarwedge on input line 129.
LaTeX Font Info:    Redeclaring math symbol \measuredangle on input line 132.
LaTeX Font Info:    Redeclaring math symbol \sphericalangle on input line 133.
LaTeX Font Info:    Redeclaring math symbol \varpropto on input line 134.
LaTeX Font Info:    Redeclaring math symbol \smallsmile on input line 135.
LaTeX Font Info:    Redeclaring math symbol \smallfrown on input line 136.
LaTeX Font Info:    Redeclaring math symbol \Subset on input line 137.
LaTeX Font Info:    Redeclaring math symbol \Supset on input line 138.
LaTeX Font Info:    Redeclaring math symbol \Cup on input line 139.
LaTeX Font Info:    Redeclaring math symbol \Cap on input line 141.
LaTeX Font Info:    Redeclaring math symbol \curlywedge on input line 143.
LaTeX Font Info:    Redeclaring math symbol \curlyvee on input line 144.
LaTeX Font Info:    Redeclaring math symbol \leftthreetimes on input line 145.
LaTeX Font Info:    Redeclaring math symbol \rightthreetimes on input line 146.

LaTeX Font Info:    Redeclaring math symbol \subseteqq on input line 147.
LaTeX Font Info:    Redeclaring math symbol \supseteqq on input line 148.
LaTeX Font Info:    Redeclaring math symbol \bumpeq on input line 149.
LaTeX Font Info:    Redeclaring math symbol \Bumpeq on input line 150.
LaTeX Font Info:    Redeclaring math symbol \lll on input line 151.
LaTeX Font Info:    Redeclaring math symbol \ggg on input line 153.
LaTeX Font Info:    Redeclaring math symbol \circledS on input line 155.
LaTeX Font Info:    Redeclaring math symbol \pitchfork on input line 156.
LaTeX Font Info:    Redeclaring math symbol \dotplus on input line 157.
LaTeX Font Info:    Redeclaring math symbol \backsim on input line 158.
LaTeX Font Info:    Redeclaring math symbol \backsimeq on input line 159.
LaTeX Font Info:    Redeclaring math symbol \complement on input line 160.
LaTeX Font Info:    Redeclaring math symbol \intercal on input line 161.
LaTeX Font Info:    Redeclaring math symbol \circledcirc on input line 162.
LaTeX Font Info:    Redeclaring math symbol \circledast on input line 163.
LaTeX Font Info:    Redeclaring math symbol \circleddash on input line 164.
LaTeX Font Info:    Redeclaring math symbol \lvertneqq on input line 166.
LaTeX Font Info:    Redeclaring math symbol \gvertneqq on input line 167.
LaTeX Font Info:    Redeclaring math symbol \nleq on input line 168.
LaTeX Font Info:    Redeclaring math symbol \ngeq on input line 169.
LaTeX Font Info:    Redeclaring math symbol \nless on input line 170.
LaTeX Font Info:    Redeclaring math symbol \ngtr on input line 171.
LaTeX Font Info:    Redeclaring math symbol \nprec on input line 172.
LaTeX Font Info:    Redeclaring math symbol \nsucc on input line 173.
LaTeX Font Info:    Redeclaring math symbol \lneqq on input line 174.
LaTeX Font Info:    Redeclaring math symbol \gneqq on input line 175.
LaTeX Font Info:    Redeclaring math symbol \nleqslant on input line 176.
LaTeX Font Info:    Redeclaring math symbol \ngeqslant on input line 177.
LaTeX Font Info:    Redeclaring math symbol \lneq on input line 178.
LaTeX Font Info:    Redeclaring math symbol \gneq on input line 179.
LaTeX Font Info:    Redeclaring math symbol \npreceq on input line 180.
LaTeX Font Info:    Redeclaring math symbol \nsucceq on input line 181.
LaTeX Font Info:    Redeclaring math symbol \precnsim on input line 182.
LaTeX Font Info:    Redeclaring math symbol \succnsim on input line 183.
LaTeX Font Info:    Redeclaring math symbol \lnsim on input line 184.
LaTeX Font Info:    Redeclaring math symbol \gnsim on input line 185.
LaTeX Font Info:    Redeclaring math symbol \nleqq on input line 186.
LaTeX Font Info:    Redeclaring math symbol \ngeqq on input line 187.
LaTeX Font Info:    Redeclaring math symbol \precneqq on input line 188.
LaTeX Font Info:    Redeclaring math symbol \succneqq on input line 189.
LaTeX Font Info:    Redeclaring math symbol \precnapprox on input line 190.
LaTeX Font Info:    Redeclaring math symbol \succnapprox on input line 191.
LaTeX Font Info:    Redeclaring math symbol \lnapprox on input line 192.
LaTeX Font Info:    Redeclaring math symbol \gnapprox on input line 193.
LaTeX Font Info:    Redeclaring math symbol \nsim on input line 194.
LaTeX Font Info:    Redeclaring math symbol \ncong on input line 195.
LaTeX Font Info:    Redeclaring math symbol \diagup on input line 196.
LaTeX Font Info:    Redeclaring math symbol \diagdown on input line 197.
LaTeX Font Info:    Redeclaring math symbol \varsubsetneq on input line 198.
LaTeX Font Info:    Redeclaring math symbol \varsupsetneq on input line 199.
LaTeX Font Info:    Redeclaring math symbol \nsubseteqq on input line 200.
LaTeX Font Info:    Redeclaring math symbol \nsupseteqq on input line 201.
LaTeX Font Info:    Redeclaring math symbol \subsetneqq on input line 202.
LaTeX Font Info:    Redeclaring math symbol \supsetneqq on input line 203.
LaTeX Font Info:    Redeclaring math symbol \varsubsetneqq on input line 204.
LaTeX Font Info:    Redeclaring math symbol \varsupsetneqq on input line 205.
LaTeX Font Info:    Redeclaring math symbol \subsetneq on input line 206.
LaTeX Font Info:    Redeclaring math symbol \supsetneq on input line 207.
LaTeX Font Info:    Redeclaring math symbol \nsubseteq on input line 208.
LaTeX Font Info:    Redeclaring math symbol \nsupseteq on input line 209.
LaTeX Font Info:    Redeclaring math symbol \nparallel on input line 210.
LaTeX Font Info:    Redeclaring math symbol \nmid on input line 211.
LaTeX Font Info:    Redeclaring math symbol \nshortmid on input line 212.
LaTeX Font Info:    Redeclaring math symbol \nshortparallel on input line 213.
LaTeX Font Info:    Redeclaring math symbol \nvdash on input line 214.
LaTeX Font Info:    Redeclaring math symbol \nVdash on input line 215.
LaTeX Font Info:    Redeclaring math symbol \nvDash on input line 216.
LaTeX Font Info:    Redeclaring math symbol \nVDash on input line 217.
LaTeX Font Info:    Redeclaring math symbol \ntrianglerighteq on input line 218
.
LaTeX Font Info:    Redeclaring math symbol \ntrianglelefteq on input line 219.

LaTeX Font Info:    Redeclaring math symbol \ntriangleleft on input line 220.
LaTeX Font Info:    Redeclaring math symbol \ntriangleright on input line 221.
LaTeX Font Info:    Redeclaring math symbol \nleftarrow on input line 222.
LaTeX Font Info:    Redeclaring math symbol \nrightarrow on input line 223.
LaTeX Font Info:    Redeclaring math symbol \nLeftarrow on input line 224.
LaTeX Font Info:    Redeclaring math symbol \nRightarrow on input line 225.
LaTeX Font Info:    Redeclaring math symbol \nLeftrightarrow on input line 226.

LaTeX Font Info:    Redeclaring math symbol \nleftrightarrow on input line 227.

LaTeX Font Info:    Redeclaring math symbol \divideontimes on input line 228.
LaTeX Font Info:    Redeclaring math symbol \varnothing on input line 229.
LaTeX Font Info:    Redeclaring math symbol \nexists on input line 230.
LaTeX Font Info:    Redeclaring math symbol \Finv on input line 231.
LaTeX Font Info:    Redeclaring math symbol \Game on input line 232.
LaTeX Font Info:    Redeclaring math symbol \eth on input line 235.
LaTeX Font Info:    Redeclaring math symbol \eqsim on input line 236.
LaTeX Font Info:    Redeclaring math symbol \beth on input line 237.
LaTeX Font Info:    Redeclaring math symbol \gimel on input line 238.
LaTeX Font Info:    Redeclaring math symbol \daleth on input line 239.
LaTeX Font Info:    Redeclaring math symbol \lessdot on input line 240.
LaTeX Font Info:    Redeclaring math symbol \gtrdot on input line 241.
LaTeX Font Info:    Redeclaring math symbol \ltimes on input line 242.
LaTeX Font Info:    Redeclaring math symbol \rtimes on input line 243.
LaTeX Font Info:    Redeclaring math symbol \shortmid on input line 244.
LaTeX Font Info:    Redeclaring math symbol \shortparallel on input line 245.
LaTeX Font Info:    Redeclaring math symbol \smallsetminus on input line 246.
LaTeX Font Info:    Redeclaring math symbol \thicksim on input line 247.
LaTeX Font Info:    Redeclaring math symbol \thickapprox on input line 248.
LaTeX Font Info:    Redeclaring math symbol \approxeq on input line 249.
LaTeX Font Info:    Redeclaring math symbol \succapprox on input line 250.
LaTeX Font Info:    Redeclaring math symbol \precapprox on input line 251.
LaTeX Font Info:    Redeclaring math symbol \curvearrowleft on input line 252.
LaTeX Font Info:    Redeclaring math symbol \curvearrowright on input line 253.

LaTeX Font Info:    Redeclaring math symbol \digamma on input line 254.
LaTeX Font Info:    Redeclaring math symbol \varkappa on input line 255.
LaTeX Font Info:    Redeclaring math symbol \Bbbk on input line 256.
LaTeX Font Info:    Redeclaring math symbol \hslash on input line 257.
LaTeX Font Info:    Redeclaring math symbol \backepsilon on input line 260.
)
("C:\Program Files (x86)\MiKTeX 2.9\tex\latex\ams\math\amsmath.sty"
Package: amsmath 2000/07/18 v2.13 AMS math features
\@mathmargin=\skip47

For additional information on amsmath, use the `?' option.
("C:\Program Files (x86)\MiKTeX 2.9\tex\latex\ams\math\amstext.sty"
Package: amstext 2000/06/29 v2.01

("C:\Program Files (x86)\MiKTeX 2.9\tex\latex\ams\math\amsgen.sty"
File: amsgen.sty 1999/11/30 v2.0
\@emptytoks=\toks19
\ex@=\dimen118
))
("C:\Program Files (x86)\MiKTeX 2.9\tex\latex\ams\math\amsbsy.sty"
Package: amsbsy 1999/11/29 v1.2d
\pmbraise@=\dimen119
)
("C:\Program Files (x86)\MiKTeX 2.9\tex\latex\ams\math\amsopn.sty"
Package: amsopn 1999/12/14 v2.01 operator names
)
\inf@bad=\count98
LaTeX Info: Redefining \frac on input line 211.
\uproot@=\count99
\leftroot@=\count100
LaTeX Info: Redefining \overline on input line 307.
\classnum@=\count101
\DOTSCASE@=\count102
LaTeX Info: Redefining \ldots on input line 379.
LaTeX Info: Redefining \dots on input line 382.
LaTeX Info: Redefining \cdots on input line 467.
\Mathstrutbox@=\box30
\strutbox@=\box31
\big@size=\dimen120
LaTeX Font Info:    Redeclaring font encoding OML on input line 567.
LaTeX Font Info:    Redeclaring font encoding OMS on input line 568.
\macc@depth=\count103
\c@MaxMatrixCols=\count104
\dotsspace@=\muskip10
\c@parentequation=\count105
\dspbrk@lvl=\count106
\tag@help=\toks20
\row@=\count107
\column@=\count108
\maxfields@=\count109
\andhelp@=\toks21
\eqnshift@=\dimen121
\alignsep@=\dimen122
\tagshift@=\dimen123
\tagwidth@=\dimen124
\totwidth@=\dimen125
\lineht@=\dimen126
\@envbody=\toks22
\multlinegap=\skip48
\multlinetaggap=\skip49
\mathdisplay@stack=\toks23
LaTeX Info: Redefining \[ on input line 2666.
LaTeX Info: Redefining \] on input line 2667.
)
("C:\Program Files (x86)\MiKTeX 2.9\tex\latex\graphics\epsfig.sty"
Package: epsfig 1999/02/16 v1.7a (e)psfig emulation (SPQR)
\epsfxsize=\dimen127
\epsfysize=\dimen128
)
("C:\Program Files (x86)\MiKTeX 2.9\tex\latex\ltxmisc\url.sty"
\Urlmuskip=\muskip11
Package: url 2006/04/12  ver 3.3  Verb mode for urls, etc.
)
("C:\Program Files (x86)\MiKTeX 2.9\tex\latex\float\float.sty"
Package: float 2001/11/08 v1.3d Float enhancements (AL)
\c@float@type=\count110
\float@exts=\toks24
\float@box=\box32
\@float@everytoks=\toks25
\@floatcapt=\box33
)
(C:\Users\mbgm6aab\Documents\AdvancedMetallicSystemsCDT\PhD\Thesis\elsarticle\e
lsarticle-template-num.aux)
LaTeX Font Info:    Checking defaults for OML/txmi/m/it on input line 88.
LaTeX Font Info:    Try loading font information for OML+txmi on input line 88.


(C:\Users\mbgm6aab\AppData\Roaming\MiKTeX\2.9\tex\latex\txfonts\omltxmi.fd
File: omltxmi.fd 2000/12/15 v3.1
)
LaTeX Font Info:    ... okay on input line 88.
LaTeX Font Info:    Checking defaults for T1/cmr/m/n on input line 88.
LaTeX Font Info:    ... okay on input line 88.
LaTeX Font Info:    Checking defaults for OT1/cmr/m/n on input line 88.
LaTeX Font Info:    ... okay on input line 88.
LaTeX Font Info:    Checking defaults for OMS/txsy/m/n on input line 88.
LaTeX Font Info:    Try loading font information for OMS+txsy on input line 88.


(C:\Users\mbgm6aab\AppData\Roaming\MiKTeX\2.9\tex\latex\txfonts\omstxsy.fd
File: omstxsy.fd 2000/12/15 v3.1
)
LaTeX Font Info:    ... okay on input line 88.
LaTeX Font Info:    Checking defaults for OMX/txex/m/n on input line 88.
LaTeX Font Info:    Try loading font information for OMX+txex on input line 88.


(C:\Users\mbgm6aab\AppData\Roaming\MiKTeX\2.9\tex\latex\txfonts\omxtxex.fd
File: omxtxex.fd 2000/12/15 v3.1
)
LaTeX Font Info:    ... okay on input line 88.
LaTeX Font Info:    Checking defaults for U/txexa/m/n on input line 88.
LaTeX Font Info:    Try loading font information for U+txexa on input line 88.

(C:\Users\mbgm6aab\AppData\Roaming\MiKTeX\2.9\tex\latex\txfonts\utxexa.fd
File: utxexa.fd 2000/12/15 v3.1
)
LaTeX Font Info:    ... okay on input line 88.
LaTeX Font Info:    Try loading font information for OT1+txr on input line 88.

(C:\Users\mbgm6aab\AppData\Roaming\MiKTeX\2.9\tex\latex\txfonts\ot1txr.fd
File: ot1txr.fd 2000/12/15 v3.1
)
(C:\Users\mbgm6aab\AppData\Roaming\MiKTeX\2.9\tex\context\base\supp-pdf.mkii
[Loading MPS to PDF converter (version 2006.09.02).]
\scratchcounter=\count111
\scratchdimen=\dimen129
\scratchbox=\box34
\nofMPsegments=\count112
\nofMParguments=\count113
\everyMPshowfont=\toks26
\MPscratchCnt=\count114
\MPscratchDim=\dimen130
\MPnumerator=\count115
\makeMPintoPDFobject=\count116
\everyMPtoPDFconversion=\toks27
)
*geometry* driver: auto-detecting
*geometry* detected driver: pdftex
*geometry* verbose mode - [ preamble ] result:
* driver: pdftex
* paper: custom
* layout: <same size as paper>
* layoutoffset:(h,v)=(0.0pt,0.0pt)
* hratio: 1:1
* vratio: 1:1
* modes: 
* h-part:(L,W,R)=(37.75394pt, 522.0pt, 37.75394pt)
* v-part:(T,H,B)=(81.52342pt, 682.0pt, 81.52342pt)
* \paperwidth=597.50787pt
* \paperheight=845.04684pt
* \textwidth=522.0pt
* \textheight=682.0pt
* \oddsidemargin=-34.51605pt
* \evensidemargin=-34.51605pt
* \topmargin=-52.74657pt
* \headheight=50.0pt
* \headsep=12.0pt
* \topskip=10.0pt
* \footskip=18.0pt
* \marginparwidth=65.0pt
* \marginparsep=11.0pt
* \columnsep=18.0pt
* \skip\footins=24.0pt plus 2.0pt minus 12.0pt
* \hoffset=0.0pt
* \voffset=0.0pt
* \mag=1000
* \@twocolumntrue
* \@twosidefalse
* \@mparswitchfalse
* \@reversemarginfalse
* (1in=72.27pt=25.4mm, 1cm=28.453pt)

LaTeX Font Info:    Try loading font information for U+txmia on input line 119.

(C:\Users\mbgm6aab\AppData\Roaming\MiKTeX\2.9\tex\latex\txfonts\utxmia.fd
File: utxmia.fd 2000/12/15 v3.1
)
LaTeX Font Info:    Try loading font information for U+msa on input line 119.

("C:\Program Files (x86)\MiKTeX 2.9\tex\latex\amsfonts\umsa.fd"
File: umsa.fd 2009/06/22 v3.00 AMS symbols A
)
LaTeX Font Info:    Try loading font information for U+msb on input line 119.

("C:\Program Files (x86)\MiKTeX 2.9\tex\latex\amsfonts\umsb.fd"
File: umsb.fd 2009/06/22 v3.00 AMS symbols B
)
LaTeX Font Info:    Try loading font information for U+txsyc on input line 119.


(C:\Users\mbgm6aab\AppData\Roaming\MiKTeX\2.9\tex\latex\txfonts\utxsyc.fd
File: utxsyc.fd 2000/12/15 v3.1
)
LaTeX Font Info:    Try loading font information for OMS+txr on input line 136.


(C:\Users\mbgm6aab\AppData\Roaming\MiKTeX\2.9\tex\latex\txfonts\omstxr.fd
File: omstxr.fd 2000/12/15 v3.1
)
LaTeX Font Info:    Font shape `OMS/txr/m/n' in size <10> not available
(Font)              Font shape `OMS/txsy/m/n' tried instead on input line 136.

[1{C:/Users/mbgm6aab/AppData/Local/MiKTeX/2.9/pdftex/config/pdftex.map}


]
[2] <uniaxial_load.png, id=16, 1065.22969pt x 105.39375pt>
File: uniaxial_load.png Graphic file (type png)

<use uniaxial_load.png>
Package pdftex.def Info: uniaxial_load.png used on input line 195.
(pdftex.def)             Requested size: 252.0pt x 24.93156pt.
LaTeX Font Info:    Font shape `OMS/txr/m/n' in size <8> not available
(Font)              Font shape `OMS/txsy/m/n' tried instead on input line 196.

Overfull \hbox (1.13007pt too wide) in paragraph at lines 201--202
\OT1/txr/m/n/10 sec-tion is as-signed a unique Johnson-Cook ma-te-rial model. T
his
 []


Overfull \hbox (5.3601pt too wide) in paragraph at lines 201--202
\OT1/txr/m/n/10 al-lows strong gra-di-ents of ma-te-rial prop-er-ties to be de-
fined across
 []

[3 <C:/Users/mbgm6aab/Documents/AdvancedMetallicSystemsCDT/PhD/Thesis/elsarticl
e/uniaxial_load.png>] <JCHValtered.png, id=22, 384.9582pt x 142.3719pt>
File: JCHValtered.png Graphic file (type png)

<use JCHValtered.png>
Package pdftex.def Info: JCHValtered.png used on input line 238.
(pdftex.def)             Requested size: 252.0pt x 93.19887pt.
 <JCAaltered.png, id=23, 384.9582pt x 142.3719pt>
File: JCAaltered.png Graphic file (type png)

<use JCAaltered.png>
Package pdftex.def Info: JCAaltered.png used on input line 239.
(pdftex.def)             Requested size: 252.0pt x 93.19887pt.
 <JCBaltered.png, id=24, 384.9582pt x 142.3719pt>
File: JCBaltered.png Graphic file (type png)

<use JCBaltered.png>
Package pdftex.def Info: JCBaltered.png used on input line 240.
(pdftex.def)             Requested size: 252.0pt x 93.19887pt.
 <JCnaltered.png, id=25, 384.9582pt x 142.3719pt>
File: JCnaltered.png Graphic file (type png)

<use JCnaltered.png>
Package pdftex.def Info: JCnaltered.png used on input line 241.
(pdftex.def)             Requested size: 252.0pt x 93.19887pt.
 <JCCaltered.png, id=26, 384.9582pt x 142.3719pt>
File: JCCaltered.png Graphic file (type png)

<use JCCaltered.png>
Package pdftex.def Info: JCCaltered.png used on input line 242.
(pdftex.def)             Requested size: 252.0pt x 93.19887pt.
File: JCCaltered.png Graphic file (type png)
 <use JCCaltered.png>
Package pdftex.def Info: JCCaltered.png used on input line 243.
(pdftex.def)             Requested size: 252.0pt x 93.19887pt.


LaTeX Warning: `!h' float specifier changed to `!ht'.

[4 <C:/Users/mbgm6aab/Documents/AdvancedMetallicSystemsCDT/PhD/Thesis/elsarticl
e/JCHValtered.png (PNG copy)> <C:/Users/mbgm6aab/Documents/AdvancedMetallicSyst
emsCDT/PhD/Thesis/elsarticle/JCAaltered.png (PNG copy)> <C:/Users/mbgm6aab/Docu
ments/AdvancedMetallicSystemsCDT/PhD/Thesis/elsarticle/JCBaltered.png (PNG copy
)> <C:/Users/mbgm6aab/Documents/AdvancedMetallicSystemsCDT/PhD/Thesis/elsarticl
e/JCnaltered.png (PNG copy)> <C:/Users/mbgm6aab/Documents/AdvancedMetallicSyste
msCDT/PhD/Thesis/elsarticle/JCCaltered.png (PNG copy)>]
Overfull \hbox (5.81891pt too wide) in paragraph at lines 284--285
[]\OT1/txr/m/n/10 2D Dig-i-tal Im-age Cor-re-la-tion (DIC) was per-formed on sq
uare
 []


Overfull \hbox (6.05013pt too wide) in paragraph at lines 287--288
\OT1/txr/m/n/10 the study in \OMS/txsy/m/n/10 x\OT1/txr/m/n/10 3.1[] were anal-
ysed and it is as-sumed that the method-
 []

[5]
Overfull \hbox (2.30951pt too wide) in paragraph at lines 290--291
[]\OT1/txr/m/n/10 Bead on plate FSW was car-ried out on 2139-T84 al-loy where
 []

<BlastRig4.png, id=34, 314.67563pt x 779.91376pt>
File: BlastRig4.png Graphic file (type png)
 <use BlastRig4.png>
Package pdftex.def Info: BlastRig4.png used on input line 295.
(pdftex.def)             Requested size: 252.0pt x 624.5745pt.
 [6 <C:/Users/mbgm6aab/Documents/AdvancedMetallicSystemsCDT/PhD/Thesis/elsartic
le/BlastRig4.png>] <MacroStrainPredict2.png, id=38, 1927.95282pt x 3307.10532pt
>
File: MacroStrainPredict2.png Graphic file (type png)

<use MacroStrainPredict2.png>
Package pdftex.def Info: MacroStrainPredict2.png used on input line 318.
(pdftex.def)             Requested size: 252.0pt x 432.26006pt.


LaTeX Warning: `!h' float specifier changed to `!ht'.

[7]
Overfull \hbox (3.30008pt too wide) in paragraph at lines 327--332
\OT1/txr/m/n/10 tial yield-ing in the nugget re-gion and the con-trib-u-tors to
 strength-
 []

<PredictedXstrainaltered.png, id=43, 384.9582pt x 238.0092pt>
File: PredictedXstrainaltered.png Graphic file (type png)

<use PredictedXstrainaltered.png>
Package pdftex.def Info: PredictedXstrainaltered.png used on input line 339.
(pdftex.def)             Requested size: 252.0pt x 155.80455pt.

<DICcrossweldStrainaltered.png, id=44, 384.9582pt x 238.0092pt>
File: DICcrossweldStrainaltered.png Graphic file (type png)

<use DICcrossweldStrainaltered.png>
Package pdftex.def Info: DICcrossweldStrainaltered.png used on input line 339.
(pdftex.def)             Requested size: 252.0pt x 155.80455pt.
 [8 <C:/Users/mbgm6aab/Documents/AdvancedMetallicSystemsCDT/PhD/Thesis/elsartic
le/MacroStrainPredict2.png>] [9 <C:/Users/mbgm6aab/Documents/AdvancedMetallicSy
stemsCDT/PhD/Thesis/elsarticle/PredictedXstrainaltered.png (PNG copy)> <C:/User
s/mbgm6aab/Documents/AdvancedMetallicSystemsCDT/PhD/Thesis/elsarticle/DICcrossw
eldStrainaltered.png (PNG copy)>]
<BlastStrainPredictaltered.png, id=52, 384.9582pt x 238.0092pt>
File: BlastStrainPredictaltered.png Graphic file (type png)

<use BlastStrainPredictaltered.png>
Package pdftex.def Info: BlastStrainPredictaltered.png used on input line 361.
(pdftex.def)             Requested size: 252.0pt x 155.80455pt.

<BlastStrainaltered.png, id=53, 384.9582pt x 238.0092pt>
File: BlastStrainaltered.png Graphic file (type png)

<use BlastStrainaltered.png>
Package pdftex.def Info: BlastStrainaltered.png used on input line 362.
(pdftex.def)             Requested size: 252.0pt x 155.80455pt.

<DoubleStrainPredict.png, id=54, 1571.8725pt x 1221.06187pt>
File: DoubleStrainPredict.png Graphic file (type png)

<use DoubleStrainPredict.png>
Package pdftex.def Info: DoubleStrainPredict.png used on input line 369.
(pdftex.def)             Requested size: 252.0pt x 195.74652pt.

<DoubleStrainTest.png, id=55, 2427.0675pt x 1221.06187pt>
File: DoubleStrainTest.png Graphic file (type png)

<use DoubleStrainTest.png>
Package pdftex.def Info: DoubleStrainTest.png used on input line 370.
(pdftex.def)             Requested size: 252.0pt x 126.7713pt.

Overfull \hbox (3.24008pt too wide) in paragraph at lines 353--379
\OT1/txr/m/n/10 gra-di-ents in-duced by vari-a-tion in strength-en-ing mech-a-n
isms lead
 []


LaTeX Warning: `!h' float specifier changed to `!ht'.


LaTeX Warning: `!h' float specifier changed to `!ht'.

[10 <C:/Users/mbgm6aab/Documents/AdvancedMetallicSystemsCDT/PhD/Thesis/elsartic
le/BlastStrainPredictaltered.png (PNG copy)> <C:/Users/mbgm6aab/Documents/Advan
cedMetallicSystemsCDT/PhD/Thesis/elsarticle/BlastStrainaltered.png (PNG copy)>]

Overfull \hbox (11.61005pt too wide) in paragraph at lines 404--405
\OT1/txr/m/n/10 wards ex-per-i-men-tal test-ing; and Samuel Tammas-Williams, To
mas
 []


(C:\Users\mbgm6aab\Documents\AdvancedMetallicSystemsCDT\PhD\Thesis\elsarticle\e
lsarticle-template-num.bbl
Underfull \hbox (badness 10000) in paragraph at lines 9--17
\OT1/txr/m/n/8 URL $\OT1/cmtt/m/n/8 http : / / linkinghub . elsevier . com / re
trieve / pii /$
 []


Underfull \hbox (badness 10000) in paragraph at lines 19--27
\OT1/txr/m/n/8 URL $\OT1/cmtt/m/n/8 http : / / linkinghub . elsevier . com / re
trieve / pii /$
 []


Underfull \hbox (badness 10000) in paragraph at lines 29--37
\OT1/txr/m/n/8 URL $\OT1/cmtt/m/n/8 http : / / linkinghub . elsevier . com / re
trieve / pii /$
 []


Underfull \hbox (badness 10000) in paragraph at lines 58--66
\OT1/txr/m/n/8 URL $\OT1/cmtt/m/n/8 http : / / linkinghub . elsevier . com / re
trieve / pii /$
 []


Underfull \hbox (badness 1681) in paragraph at lines 88--94
[]\OT1/txr/m/n/8 A. Cho, B. Bes, Dam-age Tol-er-ance Ca-pa-bil-ity of an Al-Cu-
Mg-
 []


Underfull \hbox (badness 10000) in paragraph at lines 96--103
\OT1/txr/m/n/8 URL $\OT1/cmtt/m/n/8 http : / / linkinghub . elsevier . com / re
trieve / pii /$
 []


Underfull \hbox (badness 10000) in paragraph at lines 105--114
\OT1/txr/m/n/8 URL $\OT1/cmtt/m/n/8 http : / / www . springerlink . com / index
 / 10 . 1007 /$
 []


Underfull \hbox (badness 10000) in paragraph at lines 116--124
\OT1/txr/m/n/8 URL $\OT1/cmtt/m/n/8 http : / / linkinghub . elsevier . com / re
trieve / pii /$
 []


Underfull \hbox (badness 2726) in paragraph at lines 126--134
\OT1/txr/m/n/8 Strength Alu-minum Al-loy Sub-jected to High Strain-Rate Im-pact
,
 []


Underfull \hbox (badness 10000) in paragraph at lines 126--134
\OT1/txr/m/n/8 URL $\OT1/cmtt/m/n/8 http : / / www . springerlink . com / index
 / 10 . 1007 /$
 []


Underfull \hbox (badness 10000) in paragraph at lines 136--144
\OT1/txr/m/n/8 URL $\OT1/cmtt/m/n/8 http : / / www . journals . cambridge . org
 / abstract \$
 []

[11 <C:/Users/mbgm6aab/Documents/AdvancedMetallicSystemsCDT/PhD/Thesis/elsartic
le/DoubleStrainPredict.png> <C:/Users/mbgm6aab/Documents/AdvancedMetallicSystem
sCDT/PhD/Thesis/elsarticle/DoubleStrainTest.png>]
Underfull \hbox (badness 1264) in paragraph at lines 146--154
\OT1/txr/m/n/8 al-loys with spe-cial ref-er-ence to AA 5083 and AA 6082, Sci-en
ce
 []


Underfull \hbox (badness 2875) in paragraph at lines 146--154
\OT1/txr/m/n/8 and Tech-nol-ogy of Weld-ing and Join-ing 5 (5) (2000) 285--296.

 []


Underfull \hbox (badness 10000) in paragraph at lines 146--154
\OT1/txr/m/n/8 URL $\OT1/cmtt/m/n/8 http : / / openurl . ingenta . com / conten
t / xref ? genre =$
 []


Underfull \hbox (badness 1087) in paragraph at lines 156--164
\OT1/txr/m/n/8 prop-er-ties and resid-ual stresses as a func-tion of weld-ing s
peed in
 []


Underfull \hbox (badness 10000) in paragraph at lines 156--164
\OT1/txr/m/n/8 URL $\OT1/cmtt/m/n/8 http : / / linkinghub . elsevier . com / re
trieve / pii /$
 []


Underfull \hbox (badness 1859) in paragraph at lines 166--173
[]\OT1/txr/m/n/8 R. Mishra, Z. Ma, Fric-tion stir weld-ing and pro-cess-ing, Ma
-te-ri-
 []


Underfull \hbox (badness 2035) in paragraph at lines 166--173
\OT1/txr/m/n/8 als Sci-ence and En-gi-neer-ing: R: Re-ports 50 (1-2) (2005) 1--
78.
 []


Underfull \hbox (badness 10000) in paragraph at lines 166--173
\OT1/txr/m/n/8 URL $\OT1/cmtt/m/n/8 http : / / linkinghub . elsevier . com / re
trieve / pii /$
 []


Underfull \hbox (badness 10000) in paragraph at lines 175--182
\OT1/txr/m/n/8 URL $\OT1/cmtt/m/n/8 http : / / linkinghub . elsevier . com / re
trieve / pii /$
 []


Underfull \hbox (badness 10000) in paragraph at lines 189--196
\OT1/txr/m/n/8 URL $\OT1/cmtt/m/n/8 http : / / www . springerlink . com / index
 / 10 . 1007 /$
 []

Missing character: There is no â in font txr!
Missing character: There is no € in font txr!
Missing character: There is no “ in font txr!
Missing character: There is no â in font txr!
Missing character: There is no € in font txr!
Missing character: There is no “ in font txr!

Underfull \hbox (badness 10000) in paragraph at lines 198--207
\OT1/txr/m/n/8 URL $\OT1/cmtt/m/n/8 http : / / linkinghub . elsevier . com / re
trieve / pii /$
 []


Underfull \hbox (badness 10000) in paragraph at lines 209--216
\OT1/txr/m/n/8 URL $\OT1/cmtt/m/n/8 http : / / linkinghub . elsevier . com / re
trieve / pii /$
 []


Underfull \hbox (badness 10000) in paragraph at lines 218--226
\OT1/txr/m/n/8 URL $\OT1/cmtt/m/n/8 http : / / linkinghub . elsevier . com / re
trieve / pii /$
 []

) [12

]
(C:\Users\mbgm6aab\Documents\AdvancedMetallicSystemsCDT\PhD\Thesis\elsarticle\e
lsarticle-template-num.aux) ) 
Here is how much of TeX's memory you used:
 3966 strings out of 494045
 52285 string characters out of 3145959
 120684 words of memory out of 3000000
 7146 multiletter control sequences out of 15000+200000
 36148 words of font info for 92 fonts, out of 3000000 for 9000
 715 hyphenation exceptions out of 8191
 34i,17n,30p,2475b,379s stack positions out of 5000i,500n,10000p,200000b,50000s
{C:/Program Files (x86)/MiKTeX 2.9/fonts/enc/dvips
/fontname/8r.enc}<C:/Program Files (x86)/MiKTeX 2.9/fonts/type1/public/amsfonts
/cm/cmtt10.pfb><C:/Program Files (x86)/MiKTeX 2.9/fonts/type1/public/amsfonts/c
m/cmtt8.pfb><C:/Users/mbgm6aab/AppData/Roaming/MiKTeX/2.9/fonts/type1/public/tx
fonts/rtxmi.pfb><C:/Users/mbgm6aab/AppData/Roaming/MiKTeX/2.9/fonts/type1/publi
c/txfonts/rtxr.pfb><C:/Users/mbgm6aab/AppData/Roaming/MiKTeX/2.9/fonts/type1/pu
blic/txfonts/txex.pfb><C:/Users/mbgm6aab/AppData/Roaming/MiKTeX/2.9/fonts/type1
/public/txfonts/txsy.pfb><C:/Program Files (x86)/MiKTeX 2.9/fonts/type1/urw/tim
es/utmb8a.pfb><C:/Program Files (x86)/MiKTeX 2.9/fonts/type1/urw/times/utmr8a.p
fb><C:/Program Files (x86)/MiKTeX 2.9/fonts/type1/urw/times/utmri8a.pfb>
Output written on elsarticle-template-num.pdf (12 pages, 16257949 bytes).
PDF statistics:
 95 PDF objects out of 1000 (max. 8388607)
 0 named destinations out of 1000 (max. 500000)
 71 words of extra memory for PDF output out of 10000 (max. 10000000)

