This is pdfTeX, Version 3.1415926-2.5-1.40.14 (TeX Live 2013/Debian) (format=pdflatex 2017.2.18)  18 FEB 2017 23:16
entering extended mode
 restricted \write18 enabled.
 %&-line parsing enabled.
**PaperPartI_Feb2017.tex
(./PaperPartI_Feb2017.tex
LaTeX2e <2011/06/27>
Babel <3.9h> and hyphenation patterns for 78 languages loaded.
(/usr/share/texlive/texmf-dist/tex/latex/elsarticle/elsarticle.cls
Document Class: elsarticle 2009/09/17, 1.2.0: Elsevier Ltd
\@bls=\dimen102
(/usr/share/texlive/texmf-dist/tex/latex/base/article.cls
Document Class: article 2007/10/19 v1.4h Standard LaTeX document class
(/usr/share/texlive/texmf-dist/tex/latex/base/size10.clo
File: size10.clo 2007/10/19 v1.4h Standard LaTeX file (size option)
)
\c@part=\count79
\c@section=\count80
\c@subsection=\count81
\c@subsubsection=\count82
\c@paragraph=\count83
\c@subparagraph=\count84
\c@figure=\count85
\c@table=\count86
\abovecaptionskip=\skip41
\belowcaptionskip=\skip42
\bibindent=\dimen103
)
(/usr/share/texlive/texmf-dist/tex/latex/graphics/graphicx.sty
Package: graphicx 1999/02/16 v1.0f Enhanced LaTeX Graphics (DPC,SPQR)

(/usr/share/texlive/texmf-dist/tex/latex/graphics/keyval.sty
Package: keyval 1999/03/16 v1.13 key=value parser (DPC)
\KV@toks@=\toks14
)
(/usr/share/texlive/texmf-dist/tex/latex/graphics/graphics.sty
Package: graphics 2009/02/05 v1.0o Standard LaTeX Graphics (DPC,SPQR)

(/usr/share/texlive/texmf-dist/tex/latex/graphics/trig.sty
Package: trig 1999/03/16 v1.09 sin cos tan (DPC)
)
(/usr/share/texlive/texmf-dist/tex/latex/latexconfig/graphics.cfg
File: graphics.cfg 2010/04/23 v1.9 graphics configuration of TeX Live
)
Package graphics Info: Driver file: pdftex.def on input line 91.

(/usr/share/texlive/texmf-dist/tex/latex/pdftex-def/pdftex.def
File: pdftex.def 2011/05/27 v0.06d Graphics/color for pdfTeX

(/usr/share/texlive/texmf-dist/tex/generic/oberdiek/infwarerr.sty
Package: infwarerr 2010/04/08 v1.3 Providing info/warning/error messages (HO)
)
(/usr/share/texlive/texmf-dist/tex/generic/oberdiek/ltxcmds.sty
Package: ltxcmds 2011/11/09 v1.22 LaTeX kernel commands for general use (HO)
)
\Gread@gobject=\count87
))
\Gin@req@height=\dimen104
\Gin@req@width=\dimen105
)
(/usr/share/texlive/texmf-dist/tex/latex/psnfss/pifont.sty
Package: pifont 2005/04/12 PSNFSS-v9.2a Pi font support (SPQR) 
LaTeX Font Info:    Try loading font information for U+pzd on input line 63.

(/usr/share/texlive/texmf-dist/tex/latex/psnfss/upzd.fd
File: upzd.fd 2001/06/04 font definitions for U/pzd.
)
LaTeX Font Info:    Try loading font information for U+psy on input line 64.

(/usr/share/texlive/texmf-dist/tex/latex/psnfss/upsy.fd
File: upsy.fd 2001/06/04 font definitions for U/psy.
))
\c@tnote=\count88
\c@fnote=\count89
\c@cnote=\count90
\c@ead=\count91
\c@author=\count92
\@eadauthor=\toks15
\c@affn=\count93
\absbox=\box26
\keybox=\box27
\Columnwidth=\dimen106
\space@left=\dimen107
\els@boxa=\box28
\els@boxb=\box29
\leftMargin=\dimen108
\@enLab=\toks16
\@sep=\skip43
\@@sep=\skip44

(./PaperPartI_Feb2017.spl)
(/usr/share/texlive/texmf-dist/tex/latex/natbib/natbib.sty
Package: natbib 2010/09/13 8.31b (PWD, AO)
\bibhang=\skip45
\bibsep=\skip46
LaTeX Info: Redefining \cite on input line 694.
\c@NAT@ctr=\count94
)
\splwrite=\write3
\openout3 = `PaperPartI_Feb2017.spl'.


(/usr/share/texlive/texmf-dist/tex/latex/geometry/geometry.sty
Package: geometry 2010/09/12 v5.6 Page Geometry

(/usr/share/texlive/texmf-dist/tex/generic/oberdiek/ifpdf.sty
Package: ifpdf 2011/01/30 v2.3 Provides the ifpdf switch (HO)
Package ifpdf Info: pdfTeX in PDF mode is detected.
)
(/usr/share/texlive/texmf-dist/tex/generic/oberdiek/ifvtex.sty
Package: ifvtex 2010/03/01 v1.5 Detect VTeX and its facilities (HO)
Package ifvtex Info: VTeX not detected.
)
(/usr/share/texlive/texmf-dist/tex/generic/ifxetex/ifxetex.sty
Package: ifxetex 2010/09/12 v0.6 Provides ifxetex conditional
)
\Gm@cnth=\count95
\Gm@cntv=\count96
\c@Gm@tempcnt=\count97
\Gm@bindingoffset=\dimen109
\Gm@wd@mp=\dimen110
\Gm@odd@mp=\dimen111
\Gm@even@mp=\dimen112
\Gm@layoutwidth=\dimen113
\Gm@layoutheight=\dimen114
\Gm@layouthoffset=\dimen115
\Gm@layoutvoffset=\dimen116
\Gm@dimlist=\toks17
)
(/usr/share/texlive/texmf-dist/tex/latex/base/fleqn.clo
File: fleqn.clo 1998/08/17 v1.1c Standard LaTeX option (flush left equations)
\mathindent=\dimen117
))
(/usr/share/texlive/texmf-dist/tex/latex/txfonts/txfonts.sty
Package: txfonts 2008/01/22 v3.2.1
LaTeX Font Info:    Redeclaring symbol font `operators' on input line 21.
LaTeX Font Info:    Overwriting symbol font `operators' in version `normal'
(Font)                  OT1/cmr/m/n --> OT1/txr/m/n on input line 21.
LaTeX Font Info:    Overwriting symbol font `operators' in version `bold'
(Font)                  OT1/cmr/bx/n --> OT1/txr/m/n on input line 21.
LaTeX Font Info:    Overwriting symbol font `operators' in version `bold'
(Font)                  OT1/txr/m/n --> OT1/txr/bx/n on input line 22.
\symitalic=\mathgroup4
LaTeX Font Info:    Overwriting symbol font `italic' in version `bold'
(Font)                  OT1/txr/m/it --> OT1/txr/bx/it on input line 26.
LaTeX Font Info:    Redeclaring math alphabet \mathbf on input line 29.
LaTeX Font Info:    Overwriting math alphabet `\mathbf' in version `normal'
(Font)                  OT1/cmr/bx/n --> OT1/txr/bx/n on input line 29.
LaTeX Font Info:    Overwriting math alphabet `\mathbf' in version `bold'
(Font)                  OT1/cmr/bx/n --> OT1/txr/bx/n on input line 29.
LaTeX Font Info:    Redeclaring math alphabet \mathit on input line 30.
LaTeX Font Info:    Overwriting math alphabet `\mathit' in version `normal'
(Font)                  OT1/cmr/m/it --> OT1/txr/m/it on input line 30.
LaTeX Font Info:    Overwriting math alphabet `\mathit' in version `bold'
(Font)                  OT1/cmr/bx/it --> OT1/txr/m/it on input line 30.
LaTeX Font Info:    Overwriting math alphabet `\mathit' in version `bold'
(Font)                  OT1/txr/m/it --> OT1/txr/bx/it on input line 31.
LaTeX Font Info:    Redeclaring math alphabet \mathsf on input line 40.
LaTeX Font Info:    Overwriting math alphabet `\mathsf' in version `normal'
(Font)                  OT1/cmss/m/n --> OT1/txss/m/n on input line 40.
LaTeX Font Info:    Overwriting math alphabet `\mathsf' in version `bold'
(Font)                  OT1/cmss/bx/n --> OT1/txss/m/n on input line 40.
LaTeX Font Info:    Overwriting math alphabet `\mathsf' in version `bold'
(Font)                  OT1/txss/m/n --> OT1/txss/b/n on input line 41.
LaTeX Font Info:    Redeclaring math alphabet \mathtt on input line 50.
LaTeX Font Info:    Overwriting math alphabet `\mathtt' in version `normal'
(Font)                  OT1/cmtt/m/n --> OT1/txtt/m/n on input line 50.
LaTeX Font Info:    Overwriting math alphabet `\mathtt' in version `bold'
(Font)                  OT1/cmtt/m/n --> OT1/txtt/m/n on input line 50.
LaTeX Font Info:    Overwriting math alphabet `\mathtt' in version `bold'
(Font)                  OT1/txtt/m/n --> OT1/txtt/b/n on input line 51.
LaTeX Font Info:    Redeclaring symbol font `letters' on input line 58.
LaTeX Font Info:    Overwriting symbol font `letters' in version `normal'
(Font)                  OML/cmm/m/it --> OML/txmi/m/it on input line 58.
LaTeX Font Info:    Overwriting symbol font `letters' in version `bold'
(Font)                  OML/cmm/b/it --> OML/txmi/m/it on input line 58.
LaTeX Font Info:    Overwriting symbol font `letters' in version `bold'
(Font)                  OML/txmi/m/it --> OML/txmi/bx/it on input line 59.
\symlettersA=\mathgroup5
LaTeX Font Info:    Overwriting symbol font `lettersA' in version `bold'
(Font)                  U/txmia/m/it --> U/txmia/bx/it on input line 67.
LaTeX Font Info:    Redeclaring symbol font `symbols' on input line 77.
LaTeX Font Info:    Overwriting symbol font `symbols' in version `normal'
(Font)                  OMS/cmsy/m/n --> OMS/txsy/m/n on input line 77.
LaTeX Font Info:    Overwriting symbol font `symbols' in version `bold'
(Font)                  OMS/cmsy/b/n --> OMS/txsy/m/n on input line 77.
LaTeX Font Info:    Overwriting symbol font `symbols' in version `bold'
(Font)                  OMS/txsy/m/n --> OMS/txsy/bx/n on input line 78.
\symAMSa=\mathgroup6
LaTeX Font Info:    Overwriting symbol font `AMSa' in version `bold'
(Font)                  U/txsya/m/n --> U/txsya/bx/n on input line 94.
\symAMSb=\mathgroup7
LaTeX Font Info:    Overwriting symbol font `AMSb' in version `bold'
(Font)                  U/txsyb/m/n --> U/txsyb/bx/n on input line 103.
\symsymbolsC=\mathgroup8
LaTeX Font Info:    Overwriting symbol font `symbolsC' in version `bold'
(Font)                  U/txsyc/m/n --> U/txsyc/bx/n on input line 113.
LaTeX Font Info:    Redeclaring symbol font `largesymbols' on input line 120.
LaTeX Font Info:    Overwriting symbol font `largesymbols' in version `normal'
(Font)                  OMX/cmex/m/n --> OMX/txex/m/n on input line 120.
LaTeX Font Info:    Overwriting symbol font `largesymbols' in version `bold'
(Font)                  OMX/cmex/m/n --> OMX/txex/m/n on input line 120.
LaTeX Font Info:    Overwriting symbol font `largesymbols' in version `bold'
(Font)                  OMX/txex/m/n --> OMX/txex/bx/n on input line 121.
\symlargesymbolsA=\mathgroup9
LaTeX Font Info:    Overwriting symbol font `largesymbolsA' in version `bold'
(Font)                  U/txexa/m/n --> U/txexa/bx/n on input line 129.
LaTeX Info: Redefining \not on input line 1043.
)
(/usr/share/texlive/texmf-dist/tex/latex/psnfss/mathptmx.sty
Package: mathptmx 2005/04/12 PSNFSS-v9.2a Times w/ Math, improved (SPQR, WaS) 
LaTeX Font Info:    Redeclaring symbol font `operators' on input line 28.
LaTeX Font Info:    Overwriting symbol font `operators' in version `normal'
(Font)                  OT1/txr/m/n --> OT1/ztmcm/m/n on input line 28.
LaTeX Font Info:    Overwriting symbol font `operators' in version `bold'
(Font)                  OT1/txr/bx/n --> OT1/ztmcm/m/n on input line 28.
LaTeX Font Info:    Redeclaring symbol font `letters' on input line 29.
LaTeX Font Info:    Overwriting symbol font `letters' in version `normal'
(Font)                  OML/txmi/m/it --> OML/ztmcm/m/it on input line 29.
LaTeX Font Info:    Overwriting symbol font `letters' in version `bold'
(Font)                  OML/txmi/bx/it --> OML/ztmcm/m/it on input line 29.
LaTeX Font Info:    Redeclaring symbol font `symbols' on input line 30.
LaTeX Font Info:    Overwriting symbol font `symbols' in version `normal'
(Font)                  OMS/txsy/m/n --> OMS/ztmcm/m/n on input line 30.
LaTeX Font Info:    Overwriting symbol font `symbols' in version `bold'
(Font)                  OMS/txsy/bx/n --> OMS/ztmcm/m/n on input line 30.
LaTeX Font Info:    Redeclaring symbol font `largesymbols' on input line 31.
LaTeX Font Info:    Overwriting symbol font `largesymbols' in version `normal'
(Font)                  OMX/txex/m/n --> OMX/ztmcm/m/n on input line 31.
LaTeX Font Info:    Overwriting symbol font `largesymbols' in version `bold'
(Font)                  OMX/txex/bx/n --> OMX/ztmcm/m/n on input line 31.
\symbold=\mathgroup10
LaTeX Font Info:    Redeclaring symbol font `italic' on input line 33.
LaTeX Font Info:    Overwriting symbol font `italic' in version `normal'
(Font)                  OT1/txr/m/it --> OT1/ptm/m/it on input line 33.
LaTeX Font Info:    Overwriting symbol font `italic' in version `bold'
(Font)                  OT1/txr/bx/it --> OT1/ptm/m/it on input line 33.
LaTeX Font Info:    Redeclaring math alphabet \mathbf on input line 34.
LaTeX Font Info:    Overwriting math alphabet `\mathbf' in version `normal'
(Font)                  OT1/txr/bx/n --> OT1/ptm/bx/n on input line 34.
LaTeX Font Info:    Overwriting math alphabet `\mathbf' in version `bold'
(Font)                  OT1/txr/bx/n --> OT1/ptm/bx/n on input line 34.
LaTeX Font Info:    Redeclaring math alphabet \mathit on input line 35.
LaTeX Font Info:    Overwriting math alphabet `\mathit' in version `normal'
(Font)                  OT1/txr/m/it --> OT1/ptm/m/it on input line 35.
LaTeX Font Info:    Overwriting math alphabet `\mathit' in version `bold'
(Font)                  OT1/txr/bx/it --> OT1/ptm/m/it on input line 35.
LaTeX Info: Redefining \hbar on input line 50.
)
(/usr/share/texlive/texmf-dist/tex/latex/caption/caption.sty
Package: caption 2013/05/02 v3.3-89 Customizing captions (AR)

(/usr/share/texlive/texmf-dist/tex/latex/caption/caption3.sty
Package: caption3 2013/05/02 v1.6-88 caption3 kernel (AR)
Package caption3 Info: TeX engine: e-TeX on input line 57.
\captionmargin=\dimen118
\captionmargin@=\dimen119
\captionwidth=\dimen120
\caption@tempdima=\dimen121
\caption@indent=\dimen122
\caption@parindent=\dimen123
\caption@hangindent=\dimen124
)
\c@ContinuedFloat=\count98
)
(/usr/share/texlive/texmf-dist/tex/latex/was/gensymb.sty
Package: gensymb 2003/07/02 v1.0 (WaS)
)
(/usr/share/texlive/texmf-dist/tex/latex/tools/enumerate.sty
Package: enumerate 1999/03/05 v3.00 enumerate extensions (DPC)
\@enLab=\toks18
)
(/usr/share/texlive/texmf-dist/tex/latex/epigraph/epigraph.sty
Package: epigraph 2009/09/02 v1.5c typesetting epigraphs
\beforeepigraphskip=\skip47
\afterepigraphskip=\skip48
\epigraphwidth=\skip49
\epigraphrule=\skip50
)
(/usr/share/texlive/texmf-dist/tex/latex/titlesec/titlesec.sty
Package: titlesec 2011/12/15 v2.10.0 Sectioning titles
\ttl@box=\box30
\beforetitleunit=\skip51
\aftertitleunit=\skip52
\ttl@plus=\dimen125
\ttl@minus=\dimen126
\ttl@toksa=\toks19
\titlewidth=\dimen127
\titlewidthlast=\dimen128
\titlewidthfirst=\dimen129


Package titlesec Warning: Non standard sectioning command detected
(titlesec)                Using default spacing and no format.

) (/usr/share/texlive/texmf-dist/tex/latex/cleveref/cleveref.sty
Package: cleveref 2013/12/28 v0.19 Intelligent cross-referencing
)
(/usr/share/texlive/texmf-dist/tex/latex/koma-script/scrextend.sty
Package: scrextend 2013/12/19 v3.12 KOMA-Script KOMA-Script package (extend oth
er classes with features of KOMA-Script classes)

(/usr/share/texlive/texmf-dist/tex/latex/koma-script/scrkbase.sty
Package: scrkbase 2013/12/19 v3.12 KOMA-Script package (KOMA-Script-dependent b
asics and keyval usage)

(/usr/share/texlive/texmf-dist/tex/latex/koma-script/scrbase.sty
Package: scrbase 2013/12/19 v3.12 KOMA-Script package (KOMA-Script-independent 
basics and keyval usage)

(/usr/share/texlive/texmf-dist/tex/latex/koma-script/scrlfile.sty
Package: scrlfile 2013/12/19 v3.12 KOMA-Script package (loading files)

Package scrlfile, 2013/12/19 v3.12 KOMA-Script package (loading files)
                  Copyright (C) Markus Kohm

)))) (/usr/share/texlive/texmf-dist/tex/generic/babel/babel.sty
Package: babel 2013/12/03 3.9h The Babel package

(/usr/share/texlive/texmf-dist/tex/generic/babel-english/english.ldf
Language: english 2012/08/20 v3.3p English support from the babel system

(/usr/share/texlive/texmf-dist/tex/generic/babel/babel.def
File: babel.def 2013/12/03 3.9h Babel common definitions
\babel@savecnt=\count99
\U@D=\dimen130
)
\l@canadian = a dialect from \language\l@american 
\l@australian = a dialect from \language\l@british 
\l@newzealand = a dialect from \language\l@british 
))
(/usr/share/texlive/texmf-dist/tex/generic/ulem/ulem.sty
\UL@box=\box31
\UL@hyphenbox=\box32
\UL@skip=\skip53
\UL@hook=\toks20
\UL@height=\dimen131
\UL@pe=\count100
\UL@pixel=\dimen132
\ULC@box=\box33
Package: ulem 2012/05/18
\ULdepth=\dimen133
)
(/usr/share/texlive/texmf-dist/tex/latex/setspace/setspace.sty
Package: setspace 2011/12/19 v6.7a set line spacing
)
(/usr/share/texlive/texmf-dist/tex/latex/amsfonts/amssymb.sty
Package: amssymb 2013/01/14 v3.01 AMS font symbols

(/usr/share/texlive/texmf-dist/tex/latex/amsfonts/amsfonts.sty
Package: amsfonts 2013/01/14 v3.01 Basic AMSFonts support
\@emptytoks=\toks21
LaTeX Font Info:    Redeclaring symbol font `AMSa' on input line 59.
LaTeX Font Info:    Overwriting symbol font `AMSa' in version `normal'
(Font)                  U/txsya/m/n --> U/msa/m/n on input line 59.
LaTeX Font Info:    Overwriting symbol font `AMSa' in version `bold'
(Font)                  U/txsya/bx/n --> U/msa/m/n on input line 59.
LaTeX Font Info:    Redeclaring symbol font `AMSb' on input line 60.
LaTeX Font Info:    Overwriting symbol font `AMSb' in version `normal'
(Font)                  U/txsyb/m/n --> U/msb/m/n on input line 60.
LaTeX Font Info:    Overwriting symbol font `AMSb' in version `bold'
(Font)                  U/txsyb/bx/n --> U/msb/m/n on input line 60.
LaTeX Font Info:    Redeclaring math delimiter \ulcorner on input line 74.
LaTeX Font Info:    Redeclaring math delimiter \urcorner on input line 75.
LaTeX Font Info:    Redeclaring math delimiter \llcorner on input line 76.
LaTeX Font Info:    Redeclaring math delimiter \lrcorner on input line 77.
LaTeX Font Info:    Redeclaring math symbol \square on input line 141.
LaTeX Font Info:    Redeclaring math symbol \lozenge on input line 142.
)
LaTeX Font Info:    Redeclaring math symbol \boxdot on input line 44.
LaTeX Font Info:    Redeclaring math symbol \boxplus on input line 45.
LaTeX Font Info:    Redeclaring math symbol \boxtimes on input line 46.
LaTeX Font Info:    Redeclaring math symbol \blacksquare on input line 48.
LaTeX Font Info:    Redeclaring math symbol \centerdot on input line 49.
LaTeX Font Info:    Redeclaring math symbol \blacklozenge on input line 51.
LaTeX Font Info:    Redeclaring math symbol \circlearrowright on input line 52.

LaTeX Font Info:    Redeclaring math symbol \circlearrowleft on input line 53.
LaTeX Font Info:    Redeclaring math symbol \leftrightharpoons on input line 56
.
LaTeX Font Info:    Redeclaring math symbol \boxminus on input line 57.
LaTeX Font Info:    Redeclaring math symbol \Vdash on input line 58.
LaTeX Font Info:    Redeclaring math symbol \Vvdash on input line 59.
LaTeX Font Info:    Redeclaring math symbol \vDash on input line 60.
LaTeX Font Info:    Redeclaring math symbol \twoheadrightarrow on input line 61
.
LaTeX Font Info:    Redeclaring math symbol \twoheadleftarrow on input line 62.

LaTeX Font Info:    Redeclaring math symbol \leftleftarrows on input line 63.
LaTeX Font Info:    Redeclaring math symbol \rightrightarrows on input line 64.

LaTeX Font Info:    Redeclaring math symbol \upuparrows on input line 65.
LaTeX Font Info:    Redeclaring math symbol \downdownarrows on input line 66.
LaTeX Font Info:    Redeclaring math symbol \upharpoonright on input line 67.
LaTeX Font Info:    Redeclaring math symbol \downharpoonright on input line 69.

LaTeX Font Info:    Redeclaring math symbol \upharpoonleft on input line 70.
LaTeX Font Info:    Redeclaring math symbol \downharpoonleft on input line 71.
LaTeX Font Info:    Redeclaring math symbol \rightarrowtail on input line 72.
LaTeX Font Info:    Redeclaring math symbol \leftarrowtail on input line 73.
LaTeX Font Info:    Redeclaring math symbol \leftrightarrows on input line 74.
LaTeX Font Info:    Redeclaring math symbol \rightleftarrows on input line 75.
LaTeX Font Info:    Redeclaring math symbol \Lsh on input line 76.
LaTeX Font Info:    Redeclaring math symbol \Rsh on input line 77.
LaTeX Font Info:    Redeclaring math symbol \leftrightsquigarrow on input line 
79.
LaTeX Font Info:    Redeclaring math symbol \looparrowleft on input line 80.
LaTeX Font Info:    Redeclaring math symbol \looparrowright on input line 81.
LaTeX Font Info:    Redeclaring math symbol \circeq on input line 82.
LaTeX Font Info:    Redeclaring math symbol \succsim on input line 83.
LaTeX Font Info:    Redeclaring math symbol \gtrsim on input line 84.
LaTeX Font Info:    Redeclaring math symbol \gtrapprox on input line 85.
LaTeX Font Info:    Redeclaring math symbol \multimap on input line 86.
LaTeX Font Info:    Redeclaring math symbol \therefore on input line 87.
LaTeX Font Info:    Redeclaring math symbol \because on input line 88.
LaTeX Font Info:    Redeclaring math symbol \doteqdot on input line 89.
LaTeX Font Info:    Redeclaring math symbol \triangleq on input line 91.
LaTeX Font Info:    Redeclaring math symbol \precsim on input line 92.
LaTeX Font Info:    Redeclaring math symbol \lesssim on input line 93.
LaTeX Font Info:    Redeclaring math symbol \lessapprox on input line 94.
LaTeX Font Info:    Redeclaring math symbol \eqslantless on input line 95.
LaTeX Font Info:    Redeclaring math symbol \eqslantgtr on input line 96.
LaTeX Font Info:    Redeclaring math symbol \curlyeqprec on input line 97.
LaTeX Font Info:    Redeclaring math symbol \curlyeqsucc on input line 98.
LaTeX Font Info:    Redeclaring math symbol \preccurlyeq on input line 99.
LaTeX Font Info:    Redeclaring math symbol \leqq on input line 100.
LaTeX Font Info:    Redeclaring math symbol \leqslant on input line 101.
LaTeX Font Info:    Redeclaring math symbol \lessgtr on input line 102.
LaTeX Font Info:    Redeclaring math symbol \backprime on input line 103.
LaTeX Font Info:    Redeclaring math symbol \risingdotseq on input line 104.
LaTeX Font Info:    Redeclaring math symbol \fallingdotseq on input line 105.
LaTeX Font Info:    Redeclaring math symbol \succcurlyeq on input line 106.
LaTeX Font Info:    Redeclaring math symbol \geqq on input line 107.
LaTeX Font Info:    Redeclaring math symbol \geqslant on input line 108.
LaTeX Font Info:    Redeclaring math symbol \gtrless on input line 109.
LaTeX Font Info:    Redeclaring math symbol \bigstar on input line 117.
LaTeX Font Info:    Redeclaring math symbol \between on input line 118.
LaTeX Font Info:    Redeclaring math symbol \blacktriangledown on input line 11
9.
LaTeX Font Info:    Redeclaring math symbol \blacktriangleright on input line 1
20.
LaTeX Font Info:    Redeclaring math symbol \blacktriangleleft on input line 12
1.
LaTeX Font Info:    Redeclaring math symbol \vartriangle on input line 122.
LaTeX Font Info:    Redeclaring math symbol \blacktriangle on input line 123.
LaTeX Font Info:    Redeclaring math symbol \triangledown on input line 124.
LaTeX Font Info:    Redeclaring math symbol \eqcirc on input line 125.
LaTeX Font Info:    Redeclaring math symbol \lesseqgtr on input line 126.
LaTeX Font Info:    Redeclaring math symbol \gtreqless on input line 127.
LaTeX Font Info:    Redeclaring math symbol \lesseqqgtr on input line 128.
LaTeX Font Info:    Redeclaring math symbol \gtreqqless on input line 129.
LaTeX Font Info:    Redeclaring math symbol \Rrightarrow on input line 130.
LaTeX Font Info:    Redeclaring math symbol \Lleftarrow on input line 131.
LaTeX Font Info:    Redeclaring math symbol \veebar on input line 132.
LaTeX Font Info:    Redeclaring math symbol \barwedge on input line 133.
LaTeX Font Info:    Redeclaring math symbol \doublebarwedge on input line 134.
LaTeX Font Info:    Redeclaring math symbol \measuredangle on input line 137.
LaTeX Font Info:    Redeclaring math symbol \sphericalangle on input line 138.
LaTeX Font Info:    Redeclaring math symbol \varpropto on input line 139.
LaTeX Font Info:    Redeclaring math symbol \smallsmile on input line 140.
LaTeX Font Info:    Redeclaring math symbol \smallfrown on input line 141.
LaTeX Font Info:    Redeclaring math symbol \Subset on input line 142.
LaTeX Font Info:    Redeclaring math symbol \Supset on input line 143.
LaTeX Font Info:    Redeclaring math symbol \Cup on input line 144.
LaTeX Font Info:    Redeclaring math symbol \Cap on input line 146.
LaTeX Font Info:    Redeclaring math symbol \curlywedge on input line 148.
LaTeX Font Info:    Redeclaring math symbol \curlyvee on input line 149.
LaTeX Font Info:    Redeclaring math symbol \leftthreetimes on input line 150.
LaTeX Font Info:    Redeclaring math symbol \rightthreetimes on input line 151.

LaTeX Font Info:    Redeclaring math symbol \subseteqq on input line 152.
LaTeX Font Info:    Redeclaring math symbol \supseteqq on input line 153.
LaTeX Font Info:    Redeclaring math symbol \bumpeq on input line 154.
LaTeX Font Info:    Redeclaring math symbol \Bumpeq on input line 155.
LaTeX Font Info:    Redeclaring math symbol \lll on input line 156.
LaTeX Font Info:    Redeclaring math symbol \ggg on input line 158.
LaTeX Font Info:    Redeclaring math symbol \circledS on input line 160.
LaTeX Font Info:    Redeclaring math symbol \pitchfork on input line 161.
LaTeX Font Info:    Redeclaring math symbol \dotplus on input line 162.
LaTeX Font Info:    Redeclaring math symbol \backsim on input line 163.
LaTeX Font Info:    Redeclaring math symbol \backsimeq on input line 164.
LaTeX Font Info:    Redeclaring math symbol \complement on input line 165.
LaTeX Font Info:    Redeclaring math symbol \intercal on input line 166.
LaTeX Font Info:    Redeclaring math symbol \circledcirc on input line 167.
LaTeX Font Info:    Redeclaring math symbol \circledast on input line 168.
LaTeX Font Info:    Redeclaring math symbol \circleddash on input line 169.
LaTeX Font Info:    Redeclaring math symbol \lvertneqq on input line 171.
LaTeX Font Info:    Redeclaring math symbol \gvertneqq on input line 172.
LaTeX Font Info:    Redeclaring math symbol \nleq on input line 173.
LaTeX Font Info:    Redeclaring math symbol \ngeq on input line 174.
LaTeX Font Info:    Redeclaring math symbol \nless on input line 175.
LaTeX Font Info:    Redeclaring math symbol \ngtr on input line 176.
LaTeX Font Info:    Redeclaring math symbol \nprec on input line 177.
LaTeX Font Info:    Redeclaring math symbol \nsucc on input line 178.
LaTeX Font Info:    Redeclaring math symbol \lneqq on input line 179.
LaTeX Font Info:    Redeclaring math symbol \gneqq on input line 180.
LaTeX Font Info:    Redeclaring math symbol \nleqslant on input line 181.
LaTeX Font Info:    Redeclaring math symbol \ngeqslant on input line 182.
LaTeX Font Info:    Redeclaring math symbol \lneq on input line 183.
LaTeX Font Info:    Redeclaring math symbol \gneq on input line 184.
LaTeX Font Info:    Redeclaring math symbol \npreceq on input line 185.
LaTeX Font Info:    Redeclaring math symbol \nsucceq on input line 186.
LaTeX Font Info:    Redeclaring math symbol \precnsim on input line 187.
LaTeX Font Info:    Redeclaring math symbol \succnsim on input line 188.
LaTeX Font Info:    Redeclaring math symbol \lnsim on input line 189.
LaTeX Font Info:    Redeclaring math symbol \gnsim on input line 190.
LaTeX Font Info:    Redeclaring math symbol \nleqq on input line 191.
LaTeX Font Info:    Redeclaring math symbol \ngeqq on input line 192.
LaTeX Font Info:    Redeclaring math symbol \precneqq on input line 193.
LaTeX Font Info:    Redeclaring math symbol \succneqq on input line 194.
LaTeX Font Info:    Redeclaring math symbol \precnapprox on input line 195.
LaTeX Font Info:    Redeclaring math symbol \succnapprox on input line 196.
LaTeX Font Info:    Redeclaring math symbol \lnapprox on input line 197.
LaTeX Font Info:    Redeclaring math symbol \gnapprox on input line 198.
LaTeX Font Info:    Redeclaring math symbol \nsim on input line 199.
LaTeX Font Info:    Redeclaring math symbol \ncong on input line 200.
LaTeX Font Info:    Redeclaring math symbol \diagup on input line 201.
LaTeX Font Info:    Redeclaring math symbol \diagdown on input line 202.
LaTeX Font Info:    Redeclaring math symbol \varsubsetneq on input line 203.
LaTeX Font Info:    Redeclaring math symbol \varsupsetneq on input line 204.
LaTeX Font Info:    Redeclaring math symbol \nsubseteqq on input line 205.
LaTeX Font Info:    Redeclaring math symbol \nsupseteqq on input line 206.
LaTeX Font Info:    Redeclaring math symbol \subsetneqq on input line 207.
LaTeX Font Info:    Redeclaring math symbol \supsetneqq on input line 208.
LaTeX Font Info:    Redeclaring math symbol \varsubsetneqq on input line 209.
LaTeX Font Info:    Redeclaring math symbol \varsupsetneqq on input line 210.
LaTeX Font Info:    Redeclaring math symbol \subsetneq on input line 211.
LaTeX Font Info:    Redeclaring math symbol \supsetneq on input line 212.
LaTeX Font Info:    Redeclaring math symbol \nsubseteq on input line 213.
LaTeX Font Info:    Redeclaring math symbol \nsupseteq on input line 214.
LaTeX Font Info:    Redeclaring math symbol \nparallel on input line 215.
LaTeX Font Info:    Redeclaring math symbol \nmid on input line 216.
LaTeX Font Info:    Redeclaring math symbol \nshortmid on input line 217.
LaTeX Font Info:    Redeclaring math symbol \nshortparallel on input line 218.
LaTeX Font Info:    Redeclaring math symbol \nvdash on input line 219.
LaTeX Font Info:    Redeclaring math symbol \nVdash on input line 220.
LaTeX Font Info:    Redeclaring math symbol \nvDash on input line 221.
LaTeX Font Info:    Redeclaring math symbol \nVDash on input line 222.
LaTeX Font Info:    Redeclaring math symbol \ntrianglerighteq on input line 223
.
LaTeX Font Info:    Redeclaring math symbol \ntrianglelefteq on input line 224.

LaTeX Font Info:    Redeclaring math symbol \ntriangleleft on input line 225.
LaTeX Font Info:    Redeclaring math symbol \ntriangleright on input line 226.
LaTeX Font Info:    Redeclaring math symbol \nleftarrow on input line 227.
LaTeX Font Info:    Redeclaring math symbol \nrightarrow on input line 228.
LaTeX Font Info:    Redeclaring math symbol \nLeftarrow on input line 229.
LaTeX Font Info:    Redeclaring math symbol \nRightarrow on input line 230.
LaTeX Font Info:    Redeclaring math symbol \nLeftrightarrow on input line 231.

LaTeX Font Info:    Redeclaring math symbol \nleftrightarrow on input line 232.

LaTeX Font Info:    Redeclaring math symbol \divideontimes on input line 233.
LaTeX Font Info:    Redeclaring math symbol \varnothing on input line 234.
LaTeX Font Info:    Redeclaring math symbol \nexists on input line 235.
LaTeX Font Info:    Redeclaring math symbol \Finv on input line 236.
LaTeX Font Info:    Redeclaring math symbol \Game on input line 237.
LaTeX Font Info:    Redeclaring math symbol \eth on input line 240.
LaTeX Font Info:    Redeclaring math symbol \eqsim on input line 241.
LaTeX Font Info:    Redeclaring math symbol \beth on input line 242.
LaTeX Font Info:    Redeclaring math symbol \gimel on input line 243.
LaTeX Font Info:    Redeclaring math symbol \daleth on input line 244.
LaTeX Font Info:    Redeclaring math symbol \lessdot on input line 245.
LaTeX Font Info:    Redeclaring math symbol \gtrdot on input line 246.
LaTeX Font Info:    Redeclaring math symbol \ltimes on input line 247.
LaTeX Font Info:    Redeclaring math symbol \rtimes on input line 248.
LaTeX Font Info:    Redeclaring math symbol \shortmid on input line 249.
LaTeX Font Info:    Redeclaring math symbol \shortparallel on input line 250.
LaTeX Font Info:    Redeclaring math symbol \smallsetminus on input line 251.
LaTeX Font Info:    Redeclaring math symbol \thicksim on input line 252.
LaTeX Font Info:    Redeclaring math symbol \thickapprox on input line 253.
LaTeX Font Info:    Redeclaring math symbol \approxeq on input line 254.
LaTeX Font Info:    Redeclaring math symbol \succapprox on input line 255.
LaTeX Font Info:    Redeclaring math symbol \precapprox on input line 256.
LaTeX Font Info:    Redeclaring math symbol \curvearrowleft on input line 257.
LaTeX Font Info:    Redeclaring math symbol \curvearrowright on input line 258.

LaTeX Font Info:    Redeclaring math symbol \digamma on input line 259.
LaTeX Font Info:    Redeclaring math symbol \varkappa on input line 260.
LaTeX Font Info:    Redeclaring math symbol \Bbbk on input line 261.
LaTeX Font Info:    Redeclaring math symbol \hslash on input line 262.
LaTeX Font Info:    Redeclaring math symbol \backepsilon on input line 265.
)
(/usr/share/texlive/texmf-dist/tex/latex/amsmath/amsmath.sty
Package: amsmath 2013/01/14 v2.14 AMS math features
\@mathmargin=\skip54

For additional information on amsmath, use the `?' option.
(/usr/share/texlive/texmf-dist/tex/latex/amsmath/amstext.sty
Package: amstext 2000/06/29 v2.01

(/usr/share/texlive/texmf-dist/tex/latex/amsmath/amsgen.sty
File: amsgen.sty 1999/11/30 v2.0
\@emptytoks=\toks22
\ex@=\dimen134
))
(/usr/share/texlive/texmf-dist/tex/latex/amsmath/amsbsy.sty
Package: amsbsy 1999/11/29 v1.2d
\pmbraise@=\dimen135
)
(/usr/share/texlive/texmf-dist/tex/latex/amsmath/amsopn.sty
Package: amsopn 1999/12/14 v2.01 operator names
)
\inf@bad=\count101
LaTeX Info: Redefining \frac on input line 210.
\uproot@=\count102
\leftroot@=\count103
LaTeX Info: Redefining \overline on input line 306.
\classnum@=\count104
\DOTSCASE@=\count105
LaTeX Info: Redefining \ldots on input line 378.
LaTeX Info: Redefining \dots on input line 381.
LaTeX Info: Redefining \cdots on input line 466.
\Mathstrutbox@=\box34
\strutbox@=\box35
\big@size=\dimen136
LaTeX Font Info:    Redeclaring font encoding OML on input line 566.
LaTeX Font Info:    Redeclaring font encoding OMS on input line 567.
\macc@depth=\count106
\c@MaxMatrixCols=\count107
\dotsspace@=\muskip10
\c@parentequation=\count108
\dspbrk@lvl=\count109
\tag@help=\toks23
\row@=\count110
\column@=\count111
\maxfields@=\count112
\andhelp@=\toks24
\eqnshift@=\dimen137
\alignsep@=\dimen138
\tagshift@=\dimen139
\tagwidth@=\dimen140
\totwidth@=\dimen141
\lineht@=\dimen142
\@envbody=\toks25
\multlinegap=\skip55
\multlinetaggap=\skip56
\mathdisplay@stack=\toks26
LaTeX Info: Redefining \[ on input line 2665.
LaTeX Info: Redefining \] on input line 2666.
)
(/usr/share/texlive/texmf-dist/tex/latex/graphics/epsfig.sty
Package: epsfig 1999/02/16 v1.7a (e)psfig emulation (SPQR)
\epsfxsize=\dimen143
\epsfysize=\dimen144
)
(/usr/share/texlive/texmf-dist/tex/latex/url/url.sty
\Urlmuskip=\muskip11
Package: url 2013/09/16  ver 3.4  Verb mode for urls, etc.
)
(/usr/share/texlive/texmf-dist/tex/latex/float/float.sty
Package: float 2001/11/08 v1.3d Float enhancements (AL)
\c@float@type=\count113
\float@exts=\toks27
\float@box=\box36
\@float@everytoks=\toks28
\@floatcapt=\box37
)
(/usr/share/texlive/texmf-dist/tex/latex/tools/tabularx.sty
Package: tabularx 1999/01/07 v2.07 `tabularx' package (DPC)

(/usr/share/texlive/texmf-dist/tex/latex/tools/array.sty
Package: array 2008/09/09 v2.4c Tabular extension package (FMi)
\col@sep=\dimen145
\extrarowheight=\dimen146
\NC@list=\toks29
\extratabsurround=\skip57
\backup@length=\skip58
)
\TX@col@width=\dimen147
\TX@old@table=\dimen148
\TX@old@col=\dimen149
\TX@target=\dimen150
\TX@delta=\dimen151
\TX@cols=\count114
\TX@ftn=\toks30
)
(/usr/share/texlive/texmf-dist/tex/latex/cancel/cancel.sty
Package: cancel 2013/04/12 v2.2 Cancel math terms
)
(/usr/share/texlive/texmf-dist/tex/latex/booktabs/booktabs.sty
Package: booktabs 2005/04/14 v1.61803 publication quality tables
\heavyrulewidth=\dimen152
\lightrulewidth=\dimen153
\cmidrulewidth=\dimen154
\belowrulesep=\dimen155
\belowbottomsep=\dimen156
\aboverulesep=\dimen157
\abovetopsep=\dimen158
\cmidrulesep=\dimen159
\cmidrulekern=\dimen160
\defaultaddspace=\dimen161
\@cmidla=\count115
\@cmidlb=\count116
\@aboverulesep=\dimen162
\@belowrulesep=\dimen163
\@thisruleclass=\count117
\@lastruleclass=\count118
\@thisrulewidth=\dimen164
)
(/usr/share/texlive/texmf-dist/tex/latex/subfigure/subfigure.sty
Package: subfigure 2002/03/15 v2.1.5 subfigure package
\subfigtopskip=\skip59
\subfigcapskip=\skip60
\subfigcaptopadj=\dimen165
\subfigbottomskip=\skip61
\subfigcapmargin=\dimen166
\subfiglabelskip=\skip62
\c@subfigure=\count119
\c@lofdepth=\count120
\c@subtable=\count121
\c@lotdepth=\count122

****************************************
* Local config file subfigure.cfg used *
****************************************
(/usr/share/texlive/texmf-dist/tex/latex/subfigure/subfigure.cfg)
\subfig@top=\skip63
\subfig@bottom=\skip64
)
(/usr/share/texlive/texmf-dist/tex/latex/units/units.sty
Package: units 1998/08/04 v0.9b Typesetting units

(/usr/share/texlive/texmf-dist/tex/latex/base/ifthen.sty
Package: ifthen 2001/05/26 v1.1c Standard LaTeX ifthen package (DPC)
)
(/usr/share/texlive/texmf-dist/tex/latex/units/nicefrac.sty
Package: nicefrac 1998/08/04 v0.9b Nice fractions
\L@UnitsRaiseDisplaystyle=\skip65
\L@UnitsRaiseTextstyle=\skip66
\L@UnitsRaiseScriptstyle=\skip67
))
(./PaperPartI_Feb2017.aux)
\openout1 = `PaperPartI_Feb2017.aux'.

LaTeX Font Info:    Checking defaults for OML/txmi/m/it on input line 115.
LaTeX Font Info:    Try loading font information for OML+txmi on input line 115
.

(/usr/share/texlive/texmf-dist/tex/latex/txfonts/omltxmi.fd
File: omltxmi.fd 2000/12/15 v3.1
)
LaTeX Font Info:    ... okay on input line 115.
LaTeX Font Info:    Checking defaults for T1/cmr/m/n on input line 115.
LaTeX Font Info:    ... okay on input line 115.
LaTeX Font Info:    Checking defaults for OT1/cmr/m/n on input line 115.
LaTeX Font Info:    ... okay on input line 115.
LaTeX Font Info:    Checking defaults for OMS/txsy/m/n on input line 115.
LaTeX Font Info:    Try loading font information for OMS+txsy on input line 115
.

(/usr/share/texlive/texmf-dist/tex/latex/txfonts/omstxsy.fd
File: omstxsy.fd 2000/12/15 v3.1
)
LaTeX Font Info:    ... okay on input line 115.
LaTeX Font Info:    Checking defaults for OMX/txex/m/n on input line 115.
LaTeX Font Info:    Try loading font information for OMX+txex on input line 115
.

(/usr/share/texlive/texmf-dist/tex/latex/txfonts/omxtxex.fd
File: omxtxex.fd 2000/12/15 v3.1
)
LaTeX Font Info:    ... okay on input line 115.
LaTeX Font Info:    Checking defaults for U/txexa/m/n on input line 115.
LaTeX Font Info:    Try loading font information for U+txexa on input line 115.


(/usr/share/texlive/texmf-dist/tex/latex/txfonts/utxexa.fd
File: utxexa.fd 2000/12/15 v3.1
)
LaTeX Font Info:    ... okay on input line 115.
LaTeX Font Info:    Try loading font information for OT1+ptm on input line 115.


(/usr/share/texlive/texmf-dist/tex/latex/psnfss/ot1ptm.fd
File: ot1ptm.fd 2001/06/04 font definitions for OT1/ptm.
)
(/usr/share/texlive/texmf-dist/tex/context/base/supp-pdf.mkii
[Loading MPS to PDF converter (version 2006.09.02).]
\scratchcounter=\count123
\scratchdimen=\dimen167
\scratchbox=\box38
\nofMPsegments=\count124
\nofMParguments=\count125
\everyMPshowfont=\toks31
\MPscratchCnt=\count126
\MPscratchDim=\dimen168
\MPnumerator=\count127
\makeMPintoPDFobject=\count128
\everyMPtoPDFconversion=\toks32
) (/usr/share/texlive/texmf-dist/tex/generic/oberdiek/pdftexcmds.sty
Package: pdftexcmds 2011/11/29 v0.20 Utility functions of pdfTeX for LuaTeX (HO
)

(/usr/share/texlive/texmf-dist/tex/generic/oberdiek/ifluatex.sty
Package: ifluatex 2010/03/01 v1.3 Provides the ifluatex switch (HO)
Package ifluatex Info: LuaTeX not detected.
)
Package pdftexcmds Info: LuaTeX not detected.
Package pdftexcmds Info: \pdf@primitive is available.
Package pdftexcmds Info: \pdf@ifprimitive is available.
Package pdftexcmds Info: \pdfdraftmode found.
)
(/usr/share/texlive/texmf-dist/tex/latex/oberdiek/epstopdf-base.sty
Package: epstopdf-base 2010/02/09 v2.5 Base part for package epstopdf

(/usr/share/texlive/texmf-dist/tex/latex/oberdiek/grfext.sty
Package: grfext 2010/08/19 v1.1 Manage graphics extensions (HO)

(/usr/share/texlive/texmf-dist/tex/generic/oberdiek/kvdefinekeys.sty
Package: kvdefinekeys 2011/04/07 v1.3 Define keys (HO)
))
(/usr/share/texlive/texmf-dist/tex/latex/oberdiek/kvoptions.sty
Package: kvoptions 2011/06/30 v3.11 Key value format for package options (HO)

(/usr/share/texlive/texmf-dist/tex/generic/oberdiek/kvsetkeys.sty
Package: kvsetkeys 2012/04/25 v1.16 Key value parser (HO)

(/usr/share/texlive/texmf-dist/tex/generic/oberdiek/etexcmds.sty
Package: etexcmds 2011/02/16 v1.5 Avoid name clashes with e-TeX commands (HO)
Package etexcmds Info: Could not find \expanded.
(etexcmds)             That can mean that you are not using pdfTeX 1.50 or
(etexcmds)             that some package has redefined \expanded.
(etexcmds)             In the latter case, load this package earlier.
)))
Package grfext Info: Graphics extension search list:
(grfext)             [.png,.pdf,.jpg,.mps,.jpeg,.jbig2,.jb2,.PNG,.PDF,.JPG,.JPE
G,.JBIG2,.JB2,.eps]
(grfext)             \AppendGraphicsExtensions on input line 452.

(/usr/share/texlive/texmf-dist/tex/latex/latexconfig/epstopdf-sys.cfg
File: epstopdf-sys.cfg 2010/07/13 v1.3 Configuration of (r)epstopdf for TeX Liv
e
))
*geometry* driver: auto-detecting
*geometry* detected driver: pdftex
*geometry* verbose mode - [ preamble ] result:
* driver: pdftex
* paper: custom
* layout: <same size as paper>
* layoutoffset:(h,v)=(0.0pt,0.0pt)
* hratio: 1:1
* vratio: 1:1
* modes: 
* h-part:(L,W,R)=(37.75394pt, 522.0pt, 37.75394pt)
* v-part:(T,H,B)=(81.52342pt, 682.0pt, 81.52342pt)
* \paperwidth=597.50787pt
* \paperheight=845.04684pt
* \textwidth=522.0pt
* \textheight=682.0pt
* \oddsidemargin=-34.51605pt
* \evensidemargin=-34.51605pt
* \topmargin=-52.74657pt
* \headheight=50.0pt
* \headsep=12.0pt
* \topskip=10.0pt
* \footskip=18.0pt
* \marginparwidth=65.0pt
* \marginparsep=11.0pt
* \columnsep=18.0pt
* \skip\footins=24.0pt plus 2.0pt minus 12.0pt
* \hoffset=0.0pt
* \voffset=0.0pt
* \mag=1000
* \@twocolumntrue
* \@twosidefalse
* \@mparswitchfalse
* \@reversemarginfalse
* (1in=72.27pt=25.4mm, 1cm=28.453pt)

Package caption Info: Begin \AtBeginDocument code.
Package caption Info: float package is loaded.
Package caption Info: subfigure package is loaded.
Package caption Info: End \AtBeginDocument code.
LaTeX Info: Redefining \celsius on input line 115.
Package gensymb Info: Faking symbols for \degree and \celsius on input line 115
.

Package gensymb Warning: Not defining \perthousand.

LaTeX Info: Redefining \ohm on input line 115.
Package gensymb Info: Using \upOmega for \ohm on input line 115.

Package gensymb Warning: Not defining \micro.

LaTeX Font Info:    Font shape `OT1/ptm/bx/n' in size <10> not available
(Font)              Font shape `OT1/ptm/b/n' tried instead on input line 135.
LaTeX Font Info:    Try loading font information for OT1+ztmcm on input line 14
7.
(/usr/share/texlive/texmf-dist/tex/latex/psnfss/ot1ztmcm.fd
File: ot1ztmcm.fd 2000/01/03 Fontinst v1.801 font definitions for OT1/ztmcm.
)
LaTeX Font Info:    Try loading font information for OML+ztmcm on input line 14
7.

(/usr/share/texlive/texmf-dist/tex/latex/psnfss/omlztmcm.fd
File: omlztmcm.fd 2000/01/03 Fontinst v1.801 font definitions for OML/ztmcm.
)
LaTeX Font Info:    Try loading font information for OMS+ztmcm on input line 14
7.

(/usr/share/texlive/texmf-dist/tex/latex/psnfss/omsztmcm.fd
File: omsztmcm.fd 2000/01/03 Fontinst v1.801 font definitions for OMS/ztmcm.
)
LaTeX Font Info:    Try loading font information for OMX+ztmcm on input line 14
7.

(/usr/share/texlive/texmf-dist/tex/latex/psnfss/omxztmcm.fd
File: omxztmcm.fd 2000/01/03 Fontinst v1.801 font definitions for OMX/ztmcm.
)
LaTeX Font Info:    Try loading font information for U+txmia on input line 147.


(/usr/share/texlive/texmf-dist/tex/latex/txfonts/utxmia.fd
File: utxmia.fd 2000/12/15 v3.1
)
LaTeX Font Info:    Try loading font information for U+txsyc on input line 147.


(/usr/share/texlive/texmf-dist/tex/latex/txfonts/utxsyc.fd
File: utxsyc.fd 2000/12/15 v3.1
)
LaTeX Font Info:    Font shape `OT1/ptm/bx/n' in size <7.4> not available
(Font)              Font shape `OT1/ptm/b/n' tried instead on input line 147.
LaTeX Font Info:    Font shape `OT1/ptm/bx/n' in size <6> not available
(Font)              Font shape `OT1/ptm/b/n' tried instead on input line 147.
LaTeX Font Info:    Calculating math sizes for size <7.4> on input line 147.
LaTeX Font Info:    Font shape `OT1/ptm/bx/n' in size <5.47603> not available
(Font)              Font shape `OT1/ptm/b/n' tried instead on input line 147.
LaTeX Font Info:    Font shape `OT1/ptm/bx/n' in size <4.44003> not available
(Font)              Font shape `OT1/ptm/b/n' tried instead on input line 147.
LaTeX Font Info:    Font shape `OT1/ptm/bx/n' in size <8> not available
(Font)              Font shape `OT1/ptm/b/n' tried instead on input line 147.
LaTeX Font Info:    Font shape `OT1/ptm/bx/n' in size <5> not available
(Font)              Font shape `OT1/ptm/b/n' tried instead on input line 147.


Package mathptmx Warning: There are no bold math fonts on input line 152.


Package natbib Warning: Citation `Langdon2005' on page 1 undefined on input lin
e 157.


Package natbib Warning: Citation `Langdon2005a' on page 1 undefined on input li
ne 157.


Package natbib Warning: Citation `Langdon2006' on page 1 undefined on input lin
e 157.


Package natbib Warning: Citation `Ngo2007' on page 1 undefined on input line 16
0.


Package natbib Warning: Citation `Ramasamy2011' on page 1 undefined on input li
ne 162.


Package natbib Warning: Citation `Morse2011' on page 1 undefined on input line 
162.


Package natbib Warning: Citation `Ramasamy2011' on page 1 undefined on input li
ne 162.


Package natbib Warning: Citation `McWilliams2013' on page 1 undefined on input 
line 162.


Package natbib Warning: Citation `Grujicic2011a' on page 1 undefined on input l
ine 162.


Package natbib Warning: Citation `Grujicic2012' on page 1 undefined on input li
ne 162.

LaTeX Font Info:    Try loading font information for OMS+ptm on input line 166.

(/usr/share/texlive/texmf-dist/tex/latex/psnfss/omsptm.fd
File: omsptm.fd 
)
LaTeX Font Info:    Font shape `OMS/ptm/m/n' in size <10> not available
(Font)              Font shape `OMS/cmsy/m/n' tried instead on input line 166.


LaTeX Warning: Reference `IntroFSW' on page 1 undefined on input line 166.


LaTeX Warning: Reference `IntroAluminium2139t8' on page 1 undefined on input li
ne 166.


Overfull \hbox (2.81726pt too wide) in paragraph at lines 164--167
\OT1/ptm/m/n/10 Fur-ther-more, the ap-pli-ca-tion of nu-mer-i-cal mod-elling te
ch-niques,
 []

[1{/var/lib/texmf/fonts/map/pdftex/updmap/pdftex.map}


]

Package natbib Warning: Citation `McWilliams2013' on page 2 undefined on input 
line 170.


Package natbib Warning: Citation `Grujicic2011' on page 2 undefined on input li
ne 170.


Package natbib Warning: Citation `Zhao2001' on page 2 undefined on input line 1
70.


Package natbib Warning: Citation `Zadpoor2009' on page 2 undefined on input lin
e 170.


Package natbib Warning: Citation `Reis2004' on page 2 undefined on input line 1
70.


Package natbib Warning: Citation `Kim2010' on page 2 undefined on input line 17
0.


Package natbib Warning: Citation `Kim2010a' on page 2 undefined on input line 1
70.


Package natbib Warning: Citation `Grujicic2011' on page 2 undefined on input li
ne 170.


Package natbib Warning: Citation `McWilliams2013' on page 2 undefined on input 
line 170.


<Figures/LiteratureReview/FEMeshLumpedMass.png, id=11, 462.22687pt x 187.45032p
t>
File: Figures/LiteratureReview/FEMeshLumpedMass.png Graphic file (type png)
 <use Figures/LiteratureReview/FEMeshLumpedMass.png>
Package pdftex.def Info: Figures/LiteratureReview/FEMeshLumpedMass.png used on 
input line 174.
(pdftex.def)             Requested size: 189.0pt x 76.64632pt.
LaTeX Font Info:    Font shape `OT1/ptm/bx/n' in size <9> not available
(Font)              Font shape `OT1/ptm/b/n' tried instead on input line 175.


Package natbib Warning: Citation `Genevois2006' on page 2 undefined on input li
ne 175.


Package natbib Warning: Citation `Genevois2006' on page 2 undefined on input li
ne 175.


Package natbib Warning: Citation `Sato2001b' on page 2 undefined on input line 
179.


Package natbib Warning: Citation `McWilliams2013' on page 2 undefined on input 
line 179.


Package natbib Warning: Citation `Sato2001' on page 2 undefined on input line 1
79.


Package natbib Warning: Citation `Hallquist2006' on page 2 undefined on input l
ine 181.


<Figures/LiteratureReview/FSWDistinctPropertyChange.png, id=13, 331.99031pt x 3
29.73187pt>
File: Figures/LiteratureReview/FSWDistinctPropertyChange.png Graphic file (type
 png)
 <use Figures/LiteratureReview/FSWDistinctPropertyChange.png>
Package pdftex.def Info: Figures/LiteratureReview/FSWDistinctPropertyChange.png
 used on input line 185.
(pdftex.def)             Requested size: 151.20154pt x 150.17413pt.


Package natbib Warning: Citation `Sato2001b' on page 2 undefined on input line 
186.


Package natbib Warning: Citation `Sato2001b' on page 2 undefined on input line 
186.


LaTeX Warning: `!h' float specifier changed to `!ht'.


Package natbib Warning: Citation `Hallquist2006' on page 2 undefined on input l
ine 190.


Package natbib Warning: Citation `Systemes2010' on page 2 undefined on input li
ne 190.


Overfull \hbox (6.22798pt too wide) in paragraph at lines 190--191
[]\OT1/ptm/m/n/10 In con-junc-tion with a fun-da-men-tal un-der-stand-ing of th
e FEM,
 []


Overfull \hbox (0.56741pt too wide) in paragraph at lines 190--191
\OT1/ptm/m/n/10 two ma-jor ob-ser-va-tions of the ef-fect of the lumped-mass me
thod
 []

[2 <./Figures/LiteratureReview/FEMeshLumpedMass.png>]

LaTeX Warning: Reference `LitRev:ModelStructuralQSBC' on page 3 undefined on in
put line 192.


Package natbib Warning: Citation `McWilliams2013' on page 3 undefined on input 
line 192.


Package natbib Warning: Citation `Zadpoor2009' on page 3 undefined on input lin
e 192.


Package natbib Warning: Citation `Genevois2006' on page 3 undefined on input li
ne 192.


<Figures/LiteratureReview/FEStepChange.png, id=18, 1141.26375pt x 365.86688pt>
File: Figures/LiteratureReview/FEStepChange.png Graphic file (type png)

<use Figures/LiteratureReview/FEStepChange.png>
Package pdftex.def Info: Figures/LiteratureReview/FEStepChange.png used on inpu
t line 196.
(pdftex.def)             Requested size: 252.0pt x 80.78683pt.

<Figures/LiteratureReview/LumpedMassMcwilliams.png, id=19, 593.96906pt x 259.72
03pt>
File: Figures/LiteratureReview/LumpedMassMcwilliams.png Graphic file (type png)

 <use Figures/LiteratureReview/LumpedMassMcwilliams.png>
Package pdftex.def Info: Figures/LiteratureReview/LumpedMassMcwilliams.png used
 on input line 203.
(pdftex.def)             Requested size: 252.0pt x 110.19142pt.


Package natbib Warning: Citation `McWilliams2013' on page 3 undefined on input 
line 204.


Package natbib Warning: Citation `McWilliams2013' on page 3 undefined on input 
line 204.


LaTeX Warning: `!h' float specifier changed to `!ht'.


<Figures/LiteratureReview/DoubleStrainLocalisation.png, id=20, 426.09187pt x 25
1.43938pt>
File: Figures/LiteratureReview/DoubleStrainLocalisation.png Graphic file (type 
png)
 <use Figures/LiteratureReview/DoubleStrainLocalisation.png>
Package pdftex.def Info: Figures/LiteratureReview/DoubleStrainLocalisation.png 
used on input line 210.
(pdftex.def)             Requested size: 189.0pt x 111.53143pt.


Package natbib Warning: Citation `Zadpoor2009' on page 3 undefined on input lin
e 211.


Package natbib Warning: Citation `Zadpoor2009' on page 3 undefined on input lin
e 211.


LaTeX Warning: `!h' float specifier changed to `!ht'.


<Figures/LiteratureReview/LumpedMassMatching.png, id=21, 419.31656pt x 350.0578
2pt>
File: Figures/LiteratureReview/LumpedMassMatching.png Graphic file (type png)
 <use Figures/LiteratureReview/LumpedMassMatching.png>
Package pdftex.def Info: Figures/LiteratureReview/LumpedMassMatching.png used o
n input line 217.
(pdftex.def)             Requested size: 189.0pt x 157.78094pt.


Package natbib Warning: Citation `Genevois2006' on page 3 undefined on input li
ne 218.


Package natbib Warning: Citation `Genevois2006' on page 3 undefined on input li
ne 218.


LaTeX Warning: `!h' float specifier changed to `!ht'.


LaTeX Warning: Reference `LitRev:FSWMPGlobalFracture' on page 3 undefined on in
put line 222.


Package natbib Warning: Citation `Rhodes1997' on page 3 undefined on input line
 222.


Package natbib Warning: Citation `Genevois2006' on page 3 undefined on input li
ne 222.


Package natbib Warning: Citation `Zhao2001' on page 3 undefined on input line 2
22.


Package natbib Warning: Citation `Kim2010' on page 3 undefined on input line 22
2.


Package natbib Warning: Citation `Kim2010a' on page 3 undefined on input line 2
22.


Package natbib Warning: Citation `Hallquist2006' on page 3 undefined on input l
ine 222.


Package natbib Warning: Citation `Systemes2010' on page 3 undefined on input li
ne 222.

[3 <./Figures/LiteratureReview/FSWDistinctPropertyChange.png> <./Figures/Litera
tureReview/FEStepChange.png>]
<Figures/LiteratureReview/VonMisesStrain.png, id=26, 294.34969pt x 277.035pt>
File: Figures/LiteratureReview/VonMisesStrain.png Graphic file (type png)

<use Figures/LiteratureReview/VonMisesStrain.png>
Package pdftex.def Info: Figures/LiteratureReview/VonMisesStrain.png used on in
put line 231.
(pdftex.def)             Requested size: 126.0pt x 118.59009pt.


Package natbib Warning: Citation `Kim2010' on page 4 undefined on input line 23
6.


Package natbib Warning: Citation `Kim2010a' on page 4 undefined on input line 2
36.


Package natbib Warning: Citation `Chien2003a' on page 4 undefined on input line
 236.


Package natbib Warning: Citation `Grujicic2011' on page 4 undefined on input li
ne 240.


Package natbib Warning: Citation `McWilliams2013' on page 4 undefined on input 
line 240.


Package natbib Warning: Citation `Reis2004' on page 4 undefined on input line 2
40.


Package natbib Warning: Citation `Zhao2001' on page 4 undefined on input line 2
40.


LaTeX Warning: Reference `IntroFSW' on page 4 undefined on input line 240.


Package natbib Warning: Citation `Kim2010' on page 4 undefined on input line 24
0.


Package natbib Warning: Citation `Grujicic2011a' on page 4 undefined on input l
ine 240.


Package natbib Warning: Citation `Zadpoor2009' on page 4 undefined on input lin
e 240.


Package natbib Warning: Citation `McWilliams2013' on page 4 undefined on input 
line 240.


Package natbib Warning: Citation `Grujicic2011' on page 4 undefined on input li
ne 240.


Package natbib Warning: Citation `Grujicic2010a' on page 4 undefined on input l
ine 240.

[4 <./Figures/LiteratureReview/LumpedMassMcwilliams.png> <./Figures/LiteratureR
eview/DoubleStrainLocalisation.png> <./Figures/LiteratureReview/LumpedMassMatch
ing.png> <./Figures/LiteratureReview/VonMisesStrain.png>]

Package natbib Warning: Citation `McWilliams2013' on page 5 undefined on input 
line 243.


Package natbib Warning: Citation `Grujicic2011' on page 5 undefined on input li
ne 243.


Overfull \hbox (6.15791pt too wide) in paragraph at lines 243--244
\OT1/ptm/m/n/10 which are rep-re-sen-ta-tive of the weld re-gions (i.e. Nugget,
 TMAZ,
 []


Package natbib Warning: Citation `McWilliams2013' on page 5 undefined on input 
line 248.


Package natbib Warning: Citation `Grujicic2011a' on page 5 undefined on input l
ine 248.


Package natbib Warning: Citation `Grujicic2011a' on page 5 undefined on input l
ine 250.


Package natbib Warning: Citation `Genevois2006' on page 5 undefined on input li
ne 250.


Package natbib Warning: Citation `McWilliams2013' on page 5 undefined on input 
line 251.


Package natbib Warning: Citation `Grujicic2011a' on page 5 undefined on input l
ine 251.


Package natbib Warning: Citation `McWilliams2013' on page 5 undefined on input 
line 251.


Package natbib Warning: Citation `Grujicic2011a' on page 5 undefined on input l
ine 251.


Package natbib Warning: Citation `McWilliams2013' on page 5 undefined on input 
line 251.


Package natbib Warning: Citation `Grujicic2011a' on page 5 undefined on input l
ine 251.


Package natbib Warning: Citation `Chien2003f' on page 5 undefined on input line
 263.

[5] <uniaxial_load.png, id=37, 1065.22969pt x 105.39375pt>
File: uniaxial_load.png Graphic file (type png)

<use uniaxial_load.png>
Package pdftex.def Info: uniaxial_load.png used on input line 271.
(pdftex.def)             Requested size: 252.0pt x 24.93156pt.
LaTeX Font Info:    Font shape `OMS/ptm/m/n' in size <9> not available
(Font)              Font shape `OMS/cmsy/m/n' tried instead on input line 272.


Package natbib Warning: Citation `Shercliff1990' on page 6 undefined on input l
ine 278.


Package natbib Warning: Citation `Shercliff1990a' on page 6 undefined on input 
line 278.


Package natbib Warning: Citation `Robson2006a' on page 6 undefined on input lin
e 278.


Package natbib Warning: Citation `Sullivan2011' on page 6 undefined on input li
ne 278.


Overfull \hbox (1.12735pt too wide) in paragraph at lines 278--279
\OT1/ptm/m/n/10 sec-tion is as-signed a unique Johnson-Cook ma-te-rial model. T
his
 []


Overfull \hbox (5.35712pt too wide) in paragraph at lines 278--279
\OT1/ptm/m/n/10 al-lows strong gra-di-ents of ma-te-rial prop-er-ties to be de-
fined across
 []

<JCHValtered.png, id=38, 384.9582pt x 142.3719pt>
File: JCHValtered.png Graphic file (type png)
 <use JCHValtered.png>
Package pdftex.def Info: JCHValtered.png used on input line 318.
(pdftex.def)             Requested size: 252.0pt x 93.19887pt.

<JCAaltered.png, id=39, 384.9582pt x 142.3719pt>
File: JCAaltered.png Graphic file (type png)
 <use JCAaltered.png>
Package pdftex.def Info: JCAaltered.png used on input line 319.
(pdftex.def)             Requested size: 252.0pt x 93.19887pt.

<JCBaltered.png, id=40, 384.9582pt x 142.3719pt>
File: JCBaltered.png Graphic file (type png)
 <use JCBaltered.png>
Package pdftex.def Info: JCBaltered.png used on input line 320.
(pdftex.def)             Requested size: 252.0pt x 93.19887pt.

<JCnaltered.png, id=41, 384.9582pt x 142.3719pt>
File: JCnaltered.png Graphic file (type png)
 <use JCnaltered.png>
Package pdftex.def Info: JCnaltered.png used on input line 321.
(pdftex.def)             Requested size: 252.0pt x 93.19887pt.

<JCCaltered.png, id=42, 384.9582pt x 142.3719pt>
File: JCCaltered.png Graphic file (type png)
 <use JCCaltered.png>
Package pdftex.def Info: JCCaltered.png used on input line 322.
(pdftex.def)             Requested size: 252.0pt x 93.19887pt.
File: JCCaltered.png Graphic file (type png)

<use JCCaltered.png>
Package pdftex.def Info: JCCaltered.png used on input line 323.
(pdftex.def)             Requested size: 252.0pt x 93.19887pt.


Package natbib Warning: Citation `Peel2003' on page 6 undefined on input line 3
30.


Package natbib Warning: Citation `Grujicic2011a' on page 6 undefined on input l
ine 330.


Package natbib Warning: Citation `Jata2000' on page 6 undefined on input line 3
30.

[6 <./uniaxial_load.png>]
Overfull \hbox (4.83757pt too wide) in paragraph at lines 351--352
[]\OT1/ptm/m/n/10 2139-T8 plates were sup-plied from Con-stel-lium and all weld
-
 []


LaTeX Warning: Reference `RADMicrostructureCharModelHV' on page 7 undefined on 
input line 353.


LaTeX Warning: Reference `ResultsMicrostructure' on page 7 undefined on input l
ine 353.

<Figures/ExperimentalMethods/Thermocouples.png, id=49, 602.25pt x 217.5628pt>
File: Figures/ExperimentalMethods/Thermocouples.png Graphic file (type png)

<use Figures/ExperimentalMethods/Thermocouples.png>
Package pdftex.def Info: Figures/ExperimentalMethods/Thermocouples.png used on 
input line 358.
(pdftex.def)             Requested size: 163.79846pt x 59.17097pt.

Underfull \hbox (badness 3179) in paragraph at lines 359--359
[][]|\OT1/ptm/m/n/9 Schematic il-lus-trat-ing the po-si-tion of ther-mo-cou-ple
s
 []

[7 <./JCHValtered.png (PNG copy)> <./JCAaltered.png (PNG copy)> <./JCBaltered.p
ng (PNG copy)> <./JCnaltered.png (PNG copy)> <./JCCaltered.png (PNG copy)> <./F
igures/ExperimentalMethods/Thermocouples.png>]

Package natbib Warning: Citation `DaFonseca2005' on page 8 undefined on input l
ine 371.


LaTeX Warning: Reference `FEUniaxialTension' on page 8 undefined on input line 
380.


LaTeX Warning: Reference `EMBlastTesting' on page 8 undefined on input line 380
.


LaTeX Warning: Reference `FEBlastLoading' on page 8 undefined on input line 380
.


LaTeX Warning: Reference `fig:QSWeld' on page 8 undefined on input line 418.


LaTeX Warning: Reference `ResultsMicrostructure' on page 8 undefined on input l
ine 418.

[8]

LaTeX Warning: No positions in optional float specifier.
               Default added (so using `!tbp') on input line 424.


<Figures/ModellingMethod/MacroStrainMeasure4.png, id=58, 2192.19pt x 1303.87125
pt>
File: Figures/ModellingMethod/MacroStrainMeasure4.png Graphic file (type png)
 <use Figures/ModellingMethod/MacroStrainMeasure4.png>
Package pdftex.def Info: Figures/ModellingMethod/MacroStrainMeasure4.png used o
n input line 425.
(pdftex.def)             Requested size: 252.0pt x 149.8724pt.

<Figures/ModellingMethod/MacroStrainPredict4.png, id=59, 2192.19pt x 1303.87125
pt>
File: Figures/ModellingMethod/MacroStrainPredict4.png Graphic file (type png)
 <use Figures/ModellingMethod/MacroStrainPredict4.png>
Package pdftex.def Info: Figures/ModellingMethod/MacroStrainPredict4.png used o
n input line 426.
(pdftex.def)             Requested size: 252.0pt x 149.8724pt.


LaTeX Warning: Reference `tab:FEModelInputs' on page 9 undefined on input line 
427.


LaTeX Warning: Reference `tab:FEModelInputs' on page 9 undefined on input line 
427.


<Figures/ModellingMethod/GlobalStressStrainaltered2.png, id=60, 1202.99437pt x 
743.77875pt>
File: Figures/ModellingMethod/GlobalStressStrainaltered2.png Graphic file (type
 png)
 <use Figures/ModellingMethod/GlobalStressStrainaltered2.png>
Package pdftex.def Info: Figures/ModellingMethod/GlobalStressStrainaltered2.png
 used on input line 433.
(pdftex.def)             Requested size: 201.60077pt x 124.6362pt.
LaTeX Font Info:    Font shape `OT1/ptm/bx/n' in size <7> not available
(Font)              Font shape `OT1/ptm/b/n' tried instead on input line 434.

<Figures/ModellingMethod/XStrain_DICMeasuredaltered.png, id=61, 384.9582pt x 23
8.0092pt>
File: Figures/ModellingMethod/XStrain_DICMeasuredaltered.png Graphic file (type
 png)
 <use Figures/ModellingMethod/XStrain_DICMeasuredaltered.png>
Package pdftex.def Info: Figures/ModellingMethod/XStrain_DICMeasuredaltered.png
 used on input line 449.
(pdftex.def)             Requested size: 123.48138pt x 76.34244pt.

<Figures/ModellingMethod/XStrain_LMDirectaltered.png, id=62, 384.9582pt x 238.0
092pt>
File: Figures/ModellingMethod/XStrain_LMDirectaltered.png Graphic file (type pn
g)
 <use Figures/ModellingMethod/XStrain_LMDirectaltered.png>
Package pdftex.def Info: Figures/ModellingMethod/XStrain_LMDirectaltered.png us
ed on input line 450.
(pdftex.def)             Requested size: 123.48138pt x 76.34244pt.

<Figures/ModellingMethod/XStrain_LMCal1altered.png, id=63, 384.9582pt x 238.009
2pt>
File: Figures/ModellingMethod/XStrain_LMCal1altered.png Graphic file (type png)

 <use Figures/ModellingMethod/XStrain_LMCal1altered.png>
Package pdftex.def Info: Figures/ModellingMethod/XStrain_LMCal1altered.png used
 on input line 451.
(pdftex.def)             Requested size: 123.48138pt x 76.34244pt.

<Figures/ModellingMethod/XStrain_LMCal2altered.png, id=64, 384.9582pt x 238.009
2pt>
File: Figures/ModellingMethod/XStrain_LMCal2altered.png Graphic file (type png)

 <use Figures/ModellingMethod/XStrain_LMCal2altered.png>
Package pdftex.def Info: Figures/ModellingMethod/XStrain_LMCal2altered.png used
 on input line 452.
(pdftex.def)             Requested size: 123.48138pt x 76.34244pt.

<Figures/ModellingMethod/XStrain_LMCal3altered.png, id=65, 384.9582pt x 238.009
2pt>
File: Figures/ModellingMethod/XStrain_LMCal3altered.png Graphic file (type png)

 <use Figures/ModellingMethod/XStrain_LMCal3altered.png>
Package pdftex.def Info: Figures/ModellingMethod/XStrain_LMCal3altered.png used
 on input line 453.
(pdftex.def)             Requested size: 123.48138pt x 76.34244pt.


LaTeX Warning: Reference `fig:Hvdistribution' on page 9 undefined on input line
 454.


LaTeX Warning: Reference `fig:Hvdistribution' on page 9 undefined on input line
 454.


Package natbib Warning: Citation `Genevois2006' on page 9 undefined on input li
ne 458.

[9 <./Figures/ModellingMethod/MacroStrainMeasure4.png> <./Figures/ModellingMeth
od/MacroStrainPredict4.png>]

LaTeX Warning: Reference `LitRev' on page 10 undefined on input line 462.


Overfull \hbox (12.54753pt too wide) in paragraph at lines 462--463
\OT1/ptm/m/n/10 these two nar-row re-gions ei-ther side of the weld cen-tre-lin
e through-
 []


Overfull \hbox (2.37813pt too wide) in paragraph at lines 465--465
 |[]\OT1/ptm/m/it/10 Simulations based on the method de-vel-oped in the present

 []


LaTeX Warning: No positions in optional float specifier.
               Default added (so using `!tbp') on input line 468.


<Figures/ModellingMethod/XStrain_HVSmooth_KConstant_NConstantaltered.png, id=71
, 384.9582pt x 238.0092pt>
File: Figures/ModellingMethod/XStrain_HVSmooth_KConstant_NConstantaltered.png G
raphic file (type png)

<use Figures/ModellingMethod/XStrain_HVSmooth_KConstant_NConstantaltered.png>
Package pdftex.def Info: Figures/ModellingMethod/XStrain_HVSmooth_KConstant_NCo
nstantaltered.png used on input line 469.
(pdftex.def)             Requested size: 100.79846pt x 62.32036pt.

Underfull \hbox (badness 10000) in paragraph at lines 469--469
\OT1/ptm/m/it/8 k\OT1/ptm/m/n/8 -constant, \OT1/ptm/m/it/8 B\OT1/ptm/m/n/8 -con
stant,
 []


<Figures/ModellingMethod/XStrain_HVSmooth_KSmooth_NConstantaltered.png, id=72, 
384.9582pt x 238.0092pt>
File: Figures/ModellingMethod/XStrain_HVSmooth_KSmooth_NConstantaltered.png Gra
phic file (type png)

<use Figures/ModellingMethod/XStrain_HVSmooth_KSmooth_NConstantaltered.png>
Package pdftex.def Info: Figures/ModellingMethod/XStrain_HVSmooth_KSmooth_NCons
tantaltered.png used on input line 470.
(pdftex.def)             Requested size: 100.79846pt x 62.32036pt.

Underfull \hbox (badness 10000) in paragraph at lines 470--470
[]\OT1/ptm/m/n/8 (b) Sim-u-la-tion 6: Hv-
 []


<Figures/ModellingMethod/XStrain_HVSmooth_KStep_NConstantaltered.png, id=73, 38
4.9582pt x 238.0092pt>
File: Figures/ModellingMethod/XStrain_HVSmooth_KStep_NConstantaltered.png Graph
ic file (type png)

<use Figures/ModellingMethod/XStrain_HVSmooth_KStep_NConstantaltered.png>
Package pdftex.def Info: Figures/ModellingMethod/XStrain_HVSmooth_KStep_NConsta
ntaltered.png used on input line 471.
(pdftex.def)             Requested size: 100.79846pt x 62.32036pt.

<Figures/ModellingMethod/XStrain_HVSmooth_KStep_NSmoothaltered.png, id=74, 384.
9582pt x 238.0092pt>
File: Figures/ModellingMethod/XStrain_HVSmooth_KStep_NSmoothaltered.png Graphic
 file (type png)

<use Figures/ModellingMethod/XStrain_HVSmooth_KStep_NSmoothaltered.png>
Package pdftex.def Info: Figures/ModellingMethod/XStrain_HVSmooth_KStep_NSmooth
altered.png used on input line 472.
(pdftex.def)             Requested size: 100.79846pt x 62.32036pt.

<Figures/ModellingMethod/XStrain_HVSmooth_KStep_NStepaltered.png, id=75, 384.95
82pt x 238.0092pt>
File: Figures/ModellingMethod/XStrain_HVSmooth_KStep_NStepaltered.png Graphic f
ile (type png)

<use Figures/ModellingMethod/XStrain_HVSmooth_KStep_NStepaltered.png>
Package pdftex.def Info: Figures/ModellingMethod/XStrain_HVSmooth_KStep_NStepal
tered.png used on input line 473.
(pdftex.def)             Requested size: 100.79846pt x 62.32036pt.

<Figures/ModellingMethod/XStrain_HalfMeshaltered.png, id=76, 384.9582pt x 238.0
092pt>
File: Figures/ModellingMethod/XStrain_HalfMeshaltered.png Graphic file (type pn
g)
 <use Figures/ModellingMethod/XStrain_HalfMeshaltered.png>
Package pdftex.def Info: Figures/ModellingMethod/XStrain_HalfMeshaltered.png us
ed on input line 474.
(pdftex.def)             Requested size: 100.79846pt x 62.32036pt.
File: Figures/ModellingMethod/XStrain_DICMeasuredaltered.png Graphic file (type
 png)

<use Figures/ModellingMethod/XStrain_DICMeasuredaltered.png>
Package pdftex.def Info: Figures/ModellingMethod/XStrain_DICMeasuredaltered.png
 used on input line 475.
(pdftex.def)             Requested size: 100.79846pt x 62.32036pt.


LaTeX Warning: Reference `fig:Hvdistribution' on page 10 undefined on input lin
e 476.


LaTeX Warning: Reference `fig:Hvdistribution' on page 10 undefined on input lin
e 476.

[10 <./Figures/ModellingMethod/GlobalStressStrainaltered2.png> <./Figures/Model
lingMethod/XStrain_DICMeasuredaltered.png (PNG copy)> <./Figures/ModellingMetho
d/XStrain_LMDirectaltered.png (PNG copy)> <./Figures/ModellingMethod/XStrain_LM
Cal1altered.png (PNG copy)> <./Figures/ModellingMethod/XStrain_LMCal2altered.pn
g (PNG copy)> <./Figures/ModellingMethod/XStrain_LMCal3altered.png (PNG copy)>]

Overfull \hbox (8.47714pt too wide) in paragraph at lines 485--486
\OT1/ptm/m/n/10 tion. The pre-dicted re-sponse in both these sim-u-la-tions is 
markedly
 []

[11 <./Figures/ModellingMethod/XStrain_HVSmooth_KConstant_NConstantaltered.png 
(PNG copy)> <./Figures/ModellingMethod/XStrain_HVSmooth_KSmooth_NConstantaltere
d.png (PNG copy)> <./Figures/ModellingMethod/XStrain_HVSmooth_KStep_NConstantal
tered.png (PNG copy)> <./Figures/ModellingMethod/XStrain_HVSmooth_KStep_NSmooth
altered.png (PNG copy)> <./Figures/ModellingMethod/XStrain_HVSmooth_KStep_NStep
altered.png (PNG copy)> <./Figures/ModellingMethod/XStrain_HalfMeshaltered.png 
(PNG copy)>]

Package natbib Warning: Citation `McWilliams2013' on page 12 undefined on input
 line 501.


LaTeX Warning: Reference `RADMechPropsResultsQS' on page 12 undefined on input 
line 501.


LaTeX Warning: Reference `ResultsMicrostructure' on page 12 undefined on input 
line 501.


LaTeX Warning: Reference `ResultsMicrostructure' on page 12 undefined on input 
line 501.


Overfull \hbox (0.4171pt too wide) in paragraph at lines 501--502
[]\OT1/ptm/m/n/10 From the ex-per-i-men-tally mea-sured ax-ial strain dis-tri-b
u-tions,
 []


Package natbib Warning: Citation `McWilliams2013' on page 12 undefined on input
 line 503.


Package natbib Warning: Citation `Grujicic2011' on page 12 undefined on input l
ine 503.


Package natbib Warning: Citation `Sullivan2011' on page 12 undefined on input l
ine 503.


Package natbib Warning: Citation `Robson2006' on page 12 undefined on input lin
e 503.


LaTeX Warning: Reference `tab:JCParameters' on page 12 undefined on input line 
505.

[12]
<Figures/ModellingMethod/ConstitutiveModelsaltered.png, id=88, 384.9582pt x 238
.0092pt>
File: Figures/ModellingMethod/ConstitutiveModelsaltered.png Graphic file (type 
png)
 <use Figures/ModellingMethod/ConstitutiveModelsaltered.png>
Package pdftex.def Info: Figures/ModellingMethod/ConstitutiveModelsaltered.png 
used on input line 511.
(pdftex.def)             Requested size: 201.60077pt x 124.64436pt.


LaTeX Warning: Reference `tab:JCParameters' on page 13 undefined on input line 
512.


LaTeX Warning: Reference `tab:JCParameters' on page 13 undefined on input line 
512.


LaTeX Warning: Reference `ExperimentalMethods' on page 13 undefined on input li
ne 516.


Package natbib Warning: Citation `DaFonseca2005' on page 13 undefined on input 
line 516.


LaTeX Warning: Reference `SMDModellingstudyResults' on page 13 undefined on inp
ut line 520.


Overfull \hbox (3.78726pt too wide) in paragraph at lines 520--521
[]\OT1/ptm/m/n/10 As will be dis-cussed here, prac-ti-cal ap-pli-ca-tion of the
 lumped
 []


LaTeX Warning: Reference `LitRev' on page 13 undefined on input line 522.


Overfull \hbox (6.13742pt too wide) in paragraph at lines 522--523
\OT1/ptm/m/n/10 method, the weld re-gion is par-ti-tioned into dis-tinct re-gio
ns, which
 []


LaTeX Warning: Reference `LitRev' on page 13 undefined on input line 528.


LaTeX Warning: Reference `fig:Hvdistribution' on page 13 undefined on input lin
e 528.

[13 <./Figures/ModellingMethod/ConstitutiveModelsaltered.png (PNG copy)>]

LaTeX Warning: Reference `fig:Hvdistribution' on page 14 undefined on input lin
e 530.


LaTeX Warning: Reference `fig:Hvdistribution' on page 14 undefined on input lin
e 532.


Package natbib Warning: Citation `Genevois2006' on page 14 undefined on input l
ine 534.


LaTeX Warning: Reference `fig:Hvdistribution' on page 14 undefined on input lin
e 534.


Overfull \hbox (1.7273pt too wide) in paragraph at lines 536--537
[]\OT1/ptm/m/n/10 It can in-ter-preted that cal-i-bra-tion of the lumped mass m
ethod
 []


Overfull \hbox (1.30754pt too wide) in paragraph at lines 536--537
\OT1/ptm/m/n/10 hard-ness min-ima, to be cap-tured us-ing the lumped mass metho
d.
 []


Overfull \hbox (0.27762pt too wide) in paragraph at lines 540--542
\OT1/ptm/m/n/10 is ef-fec-tively in the TMAZ, fol-lowed se-quen-tially by the n
ugget,
 []


LaTeX Warning: Reference `LitRev' on page 14 undefined on input line 545.

[14]
Overfull \hbox (1.28802pt too wide) in paragraph at lines 553--554
[]\OT1/ptm/m/n/10 Generally, in the lumped mass method, work hard-en-ing vari-
 []


Overfull \hbox (0.63686pt too wide) in paragraph at lines 557--558
[]\OT1/ptm/m/n/10 A third ob-ser-va-tion, from sim-u-la-tions 3-4, is that the 
lumped
 []

[15]
Overfull \hbox (2.03766pt too wide) in paragraph at lines 563--564
[]\OT1/ptm/m/n/10 The cal-i-bra-tion pro-ce-dures in sim-u-la-tion 1-2 are not 
re-ported
 []


Package natbib Warning: Citation `Grujicic2011' on page 16 undefined on input l
ine 565.


Package natbib Warning: Citation `Grujicic2011' on page 16 undefined on input l
ine 565.


Package natbib Warning: Citation `McWilliams2013' on page 16 undefined on input
 line 567.


Package natbib Warning: Citation `Genevois2005' on page 16 undefined on input l
ine 567.


LaTeX Warning: Reference `ResultsMicrostructure' on page 16 undefined on input 
line 567.


LaTeX Warning: Reference `LitRev:Model' on page 16 undefined on input line 567.



LaTeX Warning: Reference `LitRev' on page 16 undefined on input line 567.


Overfull \hbox (19.13701pt too wide) in paragraph at lines 567--568
[]\OT1/ptm/m/n/10 The cal-i-bra-tion method in sim-u-la-tion 4 is ap-plied by M
cWilliams
 []


Package natbib Warning: Citation `Genevois2006' on page 16 undefined on input l
ine 569.

[16]

LaTeX Warning: Reference `SMDModelmethodology' on page 17 undefined on input li
ne 575.


Overfull \hbox (6.8974pt too wide) in paragraph at lines 575--576
[]\OT1/ptm/m/n/10 As dis-cussed in the pre-vi-ous sec-tion, the lumped mass met
hod
 []


LaTeX Warning: Reference `SMDModelmethodology' on page 17 undefined on input li
ne 581.


Overfull \hbox (6.50757pt too wide) in paragraph at lines 587--588
\OT1/ptm/m/n/10 and hard-ness is as-sumed along-side the use of a dif-fuse, or 
smooth,
 []

[17] [18]

LaTeX Warning: Reference `ResultsMicrostructure' on page 19 undefined on input 
line 599.


Overfull \hbox (5.85739pt too wide) in paragraph at lines 605--606
[]\OT1/ptm/m/n/10 However, fig-ure 14[]d (sim-u-la-tion 8) in-di-cates that ini
-tial yield-
 []

[19]
<Figures/ModellingMethod/Workhardeningaltered.png, id=113, 384.9582pt x 238.009
2pt>
File: Figures/ModellingMethod/Workhardeningaltered.png Graphic file (type png)
 <use Figures/ModellingMethod/Workhardeningaltered.png>
Package pdftex.def Info: Figures/ModellingMethod/Workhardeningaltered.png used 
on input line 611.
(pdftex.def)             Requested size: 201.60077pt x 124.64436pt.

Overfull \hbox (11.40695pt too wide) in paragraph at lines 616--617
\OT1/ptm/m/n/10 dicted evo-lu-tion of strain dis-tri-bu-tion cor-re-lates much 
more closely
 []

[20 <./Figures/ModellingMethod/Workhardeningaltered.png (PNG copy)>]

Package natbib Warning: Citation `Kim2010' on page 21 undefined on input line 6
26.


Package natbib Warning: Citation `Kim2010a' on page 21 undefined on input line 
626.


Package natbib Warning: Citation `Reis2004' on page 21 undefined on input line 
626.


LaTeX Warning: Reference `ResultsMicrostructure' on page 21 undefined on input 
line 630.


LaTeX Warning: Reference `ResultsApplications' on page 21 undefined on input li
ne 630.

[21]
Overfull \hbox (0.38828pt too wide) in paragraph at lines 654--655
\OT1/ptm/m/n/10 gram (EP/G022402/1). Fur-ther, the au-thors ac-knowl-edge DSTL
 []


Overfull \hbox (11.60689pt too wide) in paragraph at lines 654--655
\OT1/ptm/m/n/10 wards ex-per-i-men-tal test-ing; and Samuel Tammas-Williams, To
mas
 []

(./PaperPartI_Feb2017.bbl

Package natbib Warning: Empty `thebibliography' environment on input line 8.

)

Package natbib Warning: There were undefined citations.

[22

] (./PaperPartI_Feb2017.aux)

LaTeX Warning: There were undefined references.

 ) 
Here is how much of TeX's memory you used:
 8993 strings out of 493304
 146133 string characters out of 6139871
 236631 words of memory out of 5000000
 12190 multiletter control sequences out of 15000+600000
 62543 words of font info for 156 fonts, out of 8000000 for 9000
 957 hyphenation exceptions out of 8191
 47i,9n,38p,2244b,386s stack positions out of 5000i,500n,10000p,200000b,80000s
{/usr/share/texlive/texmf-dist/fonts/enc/dvips/base/8r.enc}</usr/share/texliv
e/texmf-dist/fonts/type1/public/amsfonts/cm/cmex10.pfb></usr/share/texlive/texm
f-dist/fonts/type1/public/amsfonts/cm/cmmi10.pfb></usr/share/texlive/texmf-dist
/fonts/type1/public/amsfonts/cm/cmr10.pfb></usr/share/texlive/texmf-dist/fonts/
type1/public/amsfonts/cm/cmsy10.pfb></usr/share/texlive/texmf-dist/fonts/type1/
public/amsfonts/cm/cmsy9.pfb></usr/share/texlive/texmf-dist/fonts/type1/public/
amsfonts/cm/cmtt10.pfb></usr/share/texlive/texmf-dist/fonts/type1/public/amsfon
ts/cm/cmtt8.pfb></usr/share/texlive/texmf-dist/fonts/type1/public/txfonts/txsyc
.pfb></usr/share/texlive/texmf-dist/fonts/type1/urw/symbol/usyr.pfb></usr/share
/texlive/texmf-dist/fonts/type1/urw/symbol/usyr.pfb></usr/share/texlive/texmf-d
ist/fonts/type1/urw/times/utmb8a.pfb></usr/share/texlive/texmf-dist/fonts/type1
/urw/times/utmr8a.pfb></usr/share/texlive/texmf-dist/fonts/type1/urw/times/utmr
i8a.pfb>
Output written on PaperPartI_Feb2017.pdf (22 pages, 3546954 bytes).
PDF statistics:
 166 PDF objects out of 1000 (max. 8388607)
 91 compressed objects within 1 object stream
 0 named destinations out of 1000 (max. 500000)
 151 words of extra memory for PDF output out of 10000 (max. 10000000)

