This is pdfTeX, Version 3.1415926-2.3-1.40.12 (MiKTeX 2.9) (preloaded format=pdflatex 2014.11.24)  18 MAR 2015 14:29
entering extended mode
**PaperPartIReview.tex

(C:\Users\mbgm6aab\Documents\AdvancedMetallicSystemsCDT\PhD\Thesis\elsarticle\P
aperPartIReview.tex
LaTeX2e <2011/06/27>
Babel <v3.8m> and hyphenation patterns for english, afrikaans, ancientgreek, ar
abic, armenian, assamese, basque, bengali, bokmal, bulgarian, catalan, coptic, 
croatian, czech, danish, dutch, esperanto, estonian, farsi, finnish, french, ga
lician, german, german-x-2009-06-19, greek, gujarati, hindi, hungarian, iceland
ic, indonesian, interlingua, irish, italian, kannada, kurmanji, lao, latin, lat
vian, lithuanian, malayalam, marathi, mongolian, mongolianlmc, monogreek, ngerm
an, ngerman-x-2009-06-19, nynorsk, oriya, panjabi, pinyin, polish, portuguese, 
romanian, russian, sanskrit, serbian, slovak, slovenian, spanish, swedish, swis
sgerman, tamil, telugu, turkish, turkmen, ukenglish, ukrainian, uppersorbian, u
senglishmax, welsh, loaded.

(C:\Users\mbgm6aab\AppData\Roaming\MiKTeX\2.9\tex\latex\elsarticle\elsarticle.c
ls
Document Class: elsarticle 2009/09/17, 1.2.0: Elsevier Ltd
\@bls=\dimen102
("C:\Program Files (x86)\MiKTeX 2.9\tex\latex\base\article.cls"
Document Class: article 2007/10/19 v1.4h Standard LaTeX document class
("C:\Program Files (x86)\MiKTeX 2.9\tex\latex\base\size12.clo"
File: size12.clo 2007/10/19 v1.4h Standard LaTeX file (size option)
)
\c@part=\count79
\c@section=\count80
\c@subsection=\count81
\c@subsubsection=\count82
\c@paragraph=\count83
\c@subparagraph=\count84
\c@figure=\count85
\c@table=\count86
\abovecaptionskip=\skip41
\belowcaptionskip=\skip42
\bibindent=\dimen103
)
("C:\Program Files (x86)\MiKTeX 2.9\tex\latex\graphics\graphicx.sty"
Package: graphicx 1999/02/16 v1.0f Enhanced LaTeX Graphics (DPC,SPQR)

("C:\Program Files (x86)\MiKTeX 2.9\tex\latex\graphics\keyval.sty"
Package: keyval 1999/03/16 v1.13 key=value parser (DPC)
\KV@toks@=\toks14
)
("C:\Program Files (x86)\MiKTeX 2.9\tex\latex\graphics\graphics.sty"
Package: graphics 2009/02/05 v1.0o Standard LaTeX Graphics (DPC,SPQR)

("C:\Program Files (x86)\MiKTeX 2.9\tex\latex\graphics\trig.sty"
Package: trig 1999/03/16 v1.09 sin cos tan (DPC)
)
("C:\Program Files (x86)\MiKTeX 2.9\tex\latex\00miktex\graphics.cfg"
File: graphics.cfg 2007/01/18 v1.5 graphics configuration of teTeX/TeXLive
)
Package graphics Info: Driver file: pdftex.def on input line 91.

("C:\Program Files (x86)\MiKTeX 2.9\tex\latex\pdftex-def\pdftex.def"
File: pdftex.def 2011/05/27 v0.06d Graphics/color for pdfTeX

("C:\Program Files (x86)\MiKTeX 2.9\tex\generic\oberdiek\infwarerr.sty"
Package: infwarerr 2010/04/08 v1.3 Providing info/warning/error messages (HO)
)
("C:\Program Files (x86)\MiKTeX 2.9\tex\generic\oberdiek\ltxcmds.sty"
Package: ltxcmds 2011/11/09 v1.22 LaTeX kernel commands for general use (HO)
)
\Gread@gobject=\count87
))
\Gin@req@height=\dimen104
\Gin@req@width=\dimen105
)
("C:\Program Files (x86)\MiKTeX 2.9\tex\latex\psnfss\pifont.sty"
Package: pifont 2005/04/12 PSNFSS-v9.2a Pi font support (SPQR) 
LaTeX Font Info:    Try loading font information for U+pzd on input line 63.

("C:\Program Files (x86)\MiKTeX 2.9\tex\latex\psnfss\upzd.fd"
File: upzd.fd 2001/06/04 font definitions for U/pzd.
)
LaTeX Font Info:    Try loading font information for U+psy on input line 64.

("C:\Program Files (x86)\MiKTeX 2.9\tex\latex\psnfss\upsy.fd"
File: upsy.fd 2001/06/04 font definitions for U/psy.
))
\c@tnote=\count88
\c@fnote=\count89
\c@cnote=\count90
\c@ead=\count91
\c@author=\count92
\@eadauthor=\toks15
\c@affn=\count93
\absbox=\box26
\keybox=\box27
\Columnwidth=\dimen106
\space@left=\dimen107
\els@boxa=\box28
\els@boxb=\box29
\leftMargin=\dimen108
\@enLab=\toks16
\@sep=\skip43
\@@sep=\skip44

(C:\Users\mbgm6aab\Documents\AdvancedMetallicSystemsCDT\PhD\Thesis\elsarticle\P
aperPartIReview.spl)
(C:\Users\mbgm6aab\AppData\Roaming\MiKTeX\2.9\tex\latex\natbib\natbib.sty
Package: natbib 2010/09/13 8.31b (PWD, AO)
\bibhang=\skip45
\bibsep=\skip46
LaTeX Info: Redefining \cite on input line 694.
\c@NAT@ctr=\count94
)
\splwrite=\write3
)
("C:\Program Files (x86)\MiKTeX 2.9\tex\latex\amsfonts\amssymb.sty"
Package: amssymb 2009/06/22 v3.00

("C:\Program Files (x86)\MiKTeX 2.9\tex\latex\amsfonts\amsfonts.sty"
Package: amsfonts 2009/06/22 v3.00 Basic AMSFonts support
\@emptytoks=\toks17
\symAMSa=\mathgroup4
\symAMSb=\mathgroup5
LaTeX Font Info:    Overwriting math alphabet `\mathfrak' in version `bold'
(Font)                  U/euf/m/n --> U/euf/b/n on input line 96.
))
("C:\Program Files (x86)\MiKTeX 2.9\tex\latex\ams\math\amsmath.sty"
Package: amsmath 2000/07/18 v2.13 AMS math features
\@mathmargin=\skip47

For additional information on amsmath, use the `?' option.
("C:\Program Files (x86)\MiKTeX 2.9\tex\latex\ams\math\amstext.sty"
Package: amstext 2000/06/29 v2.01

("C:\Program Files (x86)\MiKTeX 2.9\tex\latex\ams\math\amsgen.sty"
File: amsgen.sty 1999/11/30 v2.0
\@emptytoks=\toks18
\ex@=\dimen109
))
("C:\Program Files (x86)\MiKTeX 2.9\tex\latex\ams\math\amsbsy.sty"
Package: amsbsy 1999/11/29 v1.2d
\pmbraise@=\dimen110
)
("C:\Program Files (x86)\MiKTeX 2.9\tex\latex\ams\math\amsopn.sty"
Package: amsopn 1999/12/14 v2.01 operator names
)
\inf@bad=\count95
LaTeX Info: Redefining \frac on input line 211.
\uproot@=\count96
\leftroot@=\count97
LaTeX Info: Redefining \overline on input line 307.
\classnum@=\count98
\DOTSCASE@=\count99
LaTeX Info: Redefining \ldots on input line 379.
LaTeX Info: Redefining \dots on input line 382.
LaTeX Info: Redefining \cdots on input line 467.
\Mathstrutbox@=\box30
\strutbox@=\box31
\big@size=\dimen111
LaTeX Font Info:    Redeclaring font encoding OML on input line 567.
LaTeX Font Info:    Redeclaring font encoding OMS on input line 568.
\macc@depth=\count100
\c@MaxMatrixCols=\count101
\dotsspace@=\muskip10
\c@parentequation=\count102
\dspbrk@lvl=\count103
\tag@help=\toks19
\row@=\count104
\column@=\count105
\maxfields@=\count106
\andhelp@=\toks20
\eqnshift@=\dimen112
\alignsep@=\dimen113
\tagshift@=\dimen114
\tagwidth@=\dimen115
\totwidth@=\dimen116
\lineht@=\dimen117
\@envbody=\toks21
\multlinegap=\skip48
\multlinetaggap=\skip49
\mathdisplay@stack=\toks22
LaTeX Info: Redefining \[ on input line 2666.
LaTeX Info: Redefining \] on input line 2667.
)
("C:\Program Files (x86)\MiKTeX 2.9\tex\latex\graphics\epsfig.sty"
Package: epsfig 1999/02/16 v1.7a (e)psfig emulation (SPQR)
\epsfxsize=\dimen118
\epsfysize=\dimen119
)
("C:\Program Files (x86)\MiKTeX 2.9\tex\latex\ltxmisc\url.sty"
\Urlmuskip=\muskip11
Package: url 2006/04/12  ver 3.3  Verb mode for urls, etc.
)
("C:\Program Files (x86)\MiKTeX 2.9\tex\latex\float\float.sty"
Package: float 2001/11/08 v1.3d Float enhancements (AL)
\c@float@type=\count107
\float@exts=\toks23
\float@box=\box32
\@float@everytoks=\toks24
\@floatcapt=\box33
)

LaTeX Warning: Unused global option(s):
    [2015].


(C:\Users\mbgm6aab\Documents\AdvancedMetallicSystemsCDT\PhD\Thesis\elsarticle\P
aperPartIReview.aux)
LaTeX Font Info:    Checking defaults for OML/cmm/m/it on input line 89.
LaTeX Font Info:    ... okay on input line 89.
LaTeX Font Info:    Checking defaults for T1/cmr/m/n on input line 89.
LaTeX Font Info:    ... okay on input line 89.
LaTeX Font Info:    Checking defaults for OT1/cmr/m/n on input line 89.
LaTeX Font Info:    ... okay on input line 89.
LaTeX Font Info:    Checking defaults for OMS/cmsy/m/n on input line 89.
LaTeX Font Info:    ... okay on input line 89.
LaTeX Font Info:    Checking defaults for OMX/cmex/m/n on input line 89.
LaTeX Font Info:    ... okay on input line 89.
LaTeX Font Info:    Checking defaults for U/cmr/m/n on input line 89.
LaTeX Font Info:    ... okay on input line 89.

(C:\Users\mbgm6aab\AppData\Roaming\MiKTeX\2.9\tex\context\base\supp-pdf.mkii
[Loading MPS to PDF converter (version 2006.09.02).]
\scratchcounter=\count108
\scratchdimen=\dimen120
\scratchbox=\box34
\nofMPsegments=\count109
\nofMParguments=\count110
\everyMPshowfont=\toks25
\MPscratchCnt=\count111
\MPscratchDim=\dimen121
\MPnumerator=\count112
\makeMPintoPDFobject=\count113
\everyMPtoPDFconversion=\toks26
)
LaTeX Font Info:    Try loading font information for U+msa on input line 121.
 ("C:\Program Files (x86)\MiKTeX 2.9\tex\latex\amsfonts\umsa.fd"
File: umsa.fd 2009/06/22 v3.00 AMS symbols A
)
LaTeX Font Info:    Try loading font information for U+msb on input line 121.

("C:\Program Files (x86)\MiKTeX 2.9\tex\latex\amsfonts\umsb.fd"
File: umsb.fd 2009/06/22 v3.00 AMS symbols B
) [1


{C:/Users/mbgm6aab/AppData/Local/MiKTeX/2.9/pdftex/config/pdftex.map}] [2]
LaTeX Font Info:    Try loading font information for OMS+cmr on input line 140.


("C:\Program Files (x86)\MiKTeX 2.9\tex\latex\base\omscmr.fd"
File: omscmr.fd 1999/05/25 v2.5h Standard LaTeX font definitions
)
LaTeX Font Info:    Font shape `OMS/cmr/m/n' in size <12> not available
(Font)              Font shape `OMS/cmsy/m/n' tried instead on input line 140.
 [3]
Overfull \hbox (0.88744pt too wide) in paragraph at lines 155--157
\OT1/cmr/m/n/12 ented along the nat-u-ral slip planes of the alu-minium crys-ta
l struc-ture, $[][]$;
 []

[4] [5] [6] [7] [8]

Package natbib Warning: Citation `Chien2003f' on page 9 undefined on input line
 194.

[9] <uniaxial_load.png, id=45, 1065.22969pt x 105.39375pt>
File: uniaxial_load.png Graphic file (type png)

<use uniaxial_load.png>
Package pdftex.def Info: uniaxial_load.png used on input line 202.
(pdftex.def)             Requested size: 390.0pt x 38.5866pt.
LaTeX Font Info:    Font shape `OMS/cmr/m/n' in size <10> not available
(Font)              Font shape `OMS/cmsy/m/n' tried instead on input line 203.


LaTeX Warning: `!h' float specifier changed to `!ht'.

[10] [11 <C:/Users/mbgm6aab/Documents/AdvancedMetallicSystemsCDT/PhD/Thesis/els
article/uniaxial_load.png>] <JCHValtered.png, id=54, 384.9582pt x 142.3719pt>
File: JCHValtered.png Graphic file (type png)

<use JCHValtered.png>
Package pdftex.def Info: JCHValtered.png used on input line 248.
(pdftex.def)             Requested size: 214.50119pt x 79.33015pt.
 <JCAaltered.png, id=55, 384.9582pt x 142.3719pt>
File: JCAaltered.png Graphic file (type png)

<use JCAaltered.png>
Package pdftex.def Info: JCAaltered.png used on input line 249.
(pdftex.def)             Requested size: 214.50119pt x 79.33015pt.
 <JCBaltered.png, id=56, 384.9582pt x 142.3719pt>
File: JCBaltered.png Graphic file (type png)

<use JCBaltered.png>
Package pdftex.def Info: JCBaltered.png used on input line 250.
(pdftex.def)             Requested size: 214.50119pt x 79.33015pt.
 <JCnaltered.png, id=57, 384.9582pt x 142.3719pt>
File: JCnaltered.png Graphic file (type png)

<use JCnaltered.png>
Package pdftex.def Info: JCnaltered.png used on input line 251.
(pdftex.def)             Requested size: 214.50119pt x 79.33015pt.
 <JCCaltered.png, id=58, 384.9582pt x 142.3719pt>
File: JCCaltered.png Graphic file (type png)

<use JCCaltered.png>
Package pdftex.def Info: JCCaltered.png used on input line 252.
(pdftex.def)             Requested size: 214.50119pt x 79.33015pt.
File: JCCaltered.png Graphic file (type png)
 <use JCCaltered.png>
Package pdftex.def Info: JCCaltered.png used on input line 253.
(pdftex.def)             Requested size: 214.50119pt x 79.33015pt.


LaTeX Warning: Float too large for page by 16.42537pt on input line 262.

[12] [13 <C:/Users/mbgm6aab/Documents/AdvancedMetallicSystemsCDT/PhD/Thesis/els
article/JCHValtered.png (PNG copy)> <C:/Users/mbgm6aab/Documents/AdvancedMetall
icSystemsCDT/PhD/Thesis/elsarticle/JCAaltered.png (PNG copy)> <C:/Users/mbgm6aa
b/Documents/AdvancedMetallicSystemsCDT/PhD/Thesis/elsarticle/JCBaltered.png (PN
G copy)> <C:/Users/mbgm6aab/Documents/AdvancedMetallicSystemsCDT/PhD/Thesis/els
article/JCnaltered.png (PNG copy)> <C:/Users/mbgm6aab/Documents/AdvancedMetalli
cSystemsCDT/PhD/Thesis/elsarticle/JCCaltered.png (PNG copy)>] [14] [15]
[16] [17] [18] <BlastRig4.png, id=82, 314.67563pt x 779.91376pt>
File: BlastRig4.png Graphic file (type png)

<use BlastRig4.png>
Package pdftex.def Info: BlastRig4.png used on input line 312.
(pdftex.def)             Requested size: 195.0pt x 483.30353pt.


LaTeX Warning: Float too large for page by 19.30353pt on input line 315.

[19] [20] [21 <C:/Users/mbgm6aab/Documents/AdvancedMetallicSystemsCDT/PhD/Thesi
s/elsarticle/BlastRig4.png>] [22]
<MacroStrainPredict2.png, id=97, 1927.95282pt x 3307.10532pt>
File: MacroStrainPredict2.png Graphic file (type png)

<use MacroStrainPredict2.png>
Package pdftex.def Info: MacroStrainPredict2.png used on input line 335.
(pdftex.def)             Requested size: 272.99881pt x 468.23967pt.
 [23] [24] [25 <C:/Users/mbgm6aab/Documents/AdvancedMetallicSystemsCDT/PhD/Thes
is/elsarticle/MacroStrainPredict2.png>] [26]
[27] <PredictedXstrainaltered.png, id=116, 384.9582pt x 238.0092pt>
File: PredictedXstrainaltered.png Graphic file (type png)

<use PredictedXstrainaltered.png>
Package pdftex.def Info: PredictedXstrainaltered.png used on input line 356.
(pdftex.def)             Requested size: 272.99881pt x 168.79521pt.

<DICcrossweldStrainaltered.png, id=117, 384.9582pt x 238.0092pt>
File: DICcrossweldStrainaltered.png Graphic file (type png)

<use DICcrossweldStrainaltered.png>
Package pdftex.def Info: DICcrossweldStrainaltered.png used on input line 356.
(pdftex.def)             Requested size: 272.99881pt x 168.79521pt.
 [28] [29] [30 <C:/Users/mbgm6aab/Documents/AdvancedMetallicSystemsCDT/PhD/Thes
is/elsarticle/PredictedXstrainaltered.png (PNG copy)> <C:/Users/mbgm6aab/Docume
nts/AdvancedMetallicSystemsCDT/PhD/Thesis/elsarticle/DICcrossweldStrainaltered.
png (PNG copy)>] [31] [32]
<BlastStrainPredictaltered.png, id=134, 384.9582pt x 238.0092pt>
File: BlastStrainPredictaltered.png Graphic file (type png)

<use BlastStrainPredictaltered.png>
Package pdftex.def Info: BlastStrainPredictaltered.png used on input line 377.
(pdftex.def)             Requested size: 272.99881pt x 168.79521pt.

<BlastStrainaltered.png, id=135, 384.9582pt x 238.0092pt>
File: BlastStrainaltered.png Graphic file (type png)

<use BlastStrainaltered.png>
Package pdftex.def Info: BlastStrainaltered.png used on input line 378.
(pdftex.def)             Requested size: 272.99881pt x 168.79521pt.

<DoubleStrainPredict3.png, id=136, 563.10374pt x 725.71124pt>
File: DoubleStrainPredict3.png Graphic file (type png)

<use DoubleStrainPredict3.png>
Package pdftex.def Info: DoubleStrainPredict3.png used on input line 384.
(pdftex.def)             Requested size: 272.99881pt x 351.83665pt.


LaTeX Warning: `!h' float specifier changed to `!ht'.

[33] [34 <C:/Users/mbgm6aab/Documents/AdvancedMetallicSystemsCDT/PhD/Thesis/els
article/BlastStrainPredictaltered.png (PNG copy)> <C:/Users/mbgm6aab/Documents/
AdvancedMetallicSystemsCDT/PhD/Thesis/elsarticle/BlastStrainaltered.png (PNG co
py)>] [35 <C:/Users/mbgm6aab/Documents/AdvancedMetallicSystemsCDT/PhD/Thesis/el
sarticle/DoubleStrainPredict3.png>] [36]
(C:\Users\mbgm6aab\Documents\AdvancedMetallicSystemsCDT\PhD\Thesis\elsarticle\P
aperPartIReview.bbl
Underfull \hbox (badness 10000) in paragraph at lines 9--17
\OT1/cmr/m/n/12 URL $\OT1/cmtt/m/n/12 http : / / linkinghub . elsevier . com / 
retrieve / pii /$
 []


Underfull \hbox (badness 10000) in paragraph at lines 19--27
\OT1/cmr/m/n/12 URL $\OT1/cmtt/m/n/12 http : / / linkinghub . elsevier . com / 
retrieve / pii /$
 []


Underfull \hbox (badness 10000) in paragraph at lines 29--37
\OT1/cmr/m/n/12 URL $\OT1/cmtt/m/n/12 http : / / linkinghub . elsevier . com / 
retrieve / pii /$
 []

[37]
Underfull \hbox (badness 10000) in paragraph at lines 58--66
\OT1/cmr/m/n/12 URL $\OT1/cmtt/m/n/12 http : / / linkinghub . elsevier . com / 
retrieve / pii /$
 []

[38]
Underfull \hbox (badness 10000) in paragraph at lines 96--103
\OT1/cmr/m/n/12 URL $\OT1/cmtt/m/n/12 http : / / linkinghub . elsevier . com / 
retrieve / pii /$
 []


Underfull \hbox (badness 10000) in paragraph at lines 105--114
\OT1/cmr/m/n/12 URL $\OT1/cmtt/m/n/12 http : / / www . springerlink . com / ind
ex / 10 . 1007 /$
 []


Underfull \hbox (badness 10000) in paragraph at lines 116--124
\OT1/cmr/m/n/12 URL $\OT1/cmtt/m/n/12 http : / / linkinghub . elsevier . com / 
retrieve / pii /$
 []

[39]
Underfull \hbox (badness 10000) in paragraph at lines 126--134
\OT1/cmr/m/n/12 URL $\OT1/cmtt/m/n/12 http : / / www . springerlink . com / ind
ex / 10 . 1007 /$
 []


Underfull \hbox (badness 10000) in paragraph at lines 136--144
\OT1/cmr/m/n/12 URL $\OT1/cmtt/m/n/12 http : / / www . journals . cambridge . o
rg / abstract \$
 []

[40]
Underfull \hbox (badness 10000) in paragraph at lines 156--164
\OT1/cmr/m/n/12 URL $\OT1/cmtt/m/n/12 http : / / linkinghub . elsevier . com / 
retrieve / pii /$
 []


Underfull \hbox (badness 1377) in paragraph at lines 166--173
\OT1/cmr/m/n/12 als Sci-ence and En-gi-neer-ing: R: Re-ports 50 (1-2) (2005) 1-
-78.
 []


Underfull \hbox (badness 10000) in paragraph at lines 166--173
\OT1/cmr/m/n/12 URL $\OT1/cmtt/m/n/12 http : / / linkinghub . elsevier . com / 
retrieve / pii /$
 []


Underfull \hbox (badness 10000) in paragraph at lines 175--182
\OT1/cmr/m/n/12 URL $\OT1/cmtt/m/n/12 http : / / linkinghub . elsevier . com / 
retrieve / pii /$
 []


Underfull \hbox (badness 10000) in paragraph at lines 189--196
\OT1/cmr/m/n/12 URL $\OT1/cmtt/m/n/12 http : / / www . springerlink . com / ind
ex / 10 . 1007 /$
 []

[41]
Missing character: There is no â in font cmr12!
Missing character: There is no € in font cmr12!
Missing character: There is no “ in font cmr12!
Missing character: There is no â in font cmr12!
Missing character: There is no € in font cmr12!
Missing character: There is no “ in font cmr12!

Underfull \hbox (badness 1521) in paragraph at lines 198--207
[]\OT1/cmr/m/n/12 A. Reis, P. Teix-eira, J. Fer-reira Duarte, A. San-tos, a. Ba
rata
 []


Underfull \hbox (badness 1735) in paragraph at lines 198--207
\OT1/cmr/m/n/12 da Rocha, a.a. Fer-nan-des, Tai-lored welded blanksan ex-per-i-
men-
 []


Underfull \hbox (badness 2393) in paragraph at lines 198--207
\OT1/cmr/m/n/12 weld-ing, Com-put-ers & Struc-tures 82 (17-19) (2004) 1435--144
2.
 []


Underfull \hbox (badness 10000) in paragraph at lines 198--207
\OT1/cmr/m/n/12 URL $\OT1/cmtt/m/n/12 http : / / linkinghub . elsevier . com / 
retrieve / pii /$
 []


Underfull \hbox (badness 10000) in paragraph at lines 209--216
\OT1/cmr/m/n/12 URL $\OT1/cmtt/m/n/12 http : / / linkinghub . elsevier . com / 
retrieve / pii /$
 []


Underfull \hbox (badness 10000) in paragraph at lines 218--226
\OT1/cmr/m/n/12 URL $\OT1/cmtt/m/n/12 http : / / linkinghub . elsevier . com / 
retrieve / pii /$
 []


Underfull \hbox (badness 10000) in paragraph at lines 228--235
\OT1/cmr/m/n/12 URL $\OT1/cmtt/m/n/12 http : / / linkinghub . elsevier . com / 
retrieve / pii /$
 []

[42]
Underfull \hbox (badness 10000) in paragraph at lines 237--245
\OT1/cmr/m/n/12 URL $\OT1/cmtt/m/n/12 http : / / linkinghub . elsevier . com / 
retrieve / pii /$
 []


Underfull \hbox (badness 10000) in paragraph at lines 265--273
\OT1/cmr/m/n/12 URL $\OT1/cmtt/m/n/12 http : / / linkinghub . elsevier . com / 
retrieve / pii /$
 []

[43]
Underfull \hbox (badness 10000) in paragraph at lines 275--282
\OT1/cmr/m/n/12 URL $\OT1/cmtt/m/n/12 http : / / linkinghub . elsevier . com / 
retrieve / pii /$
 []


Underfull \hbox (badness 10000) in paragraph at lines 284--292
\OT1/cmr/m/n/12 URL $\OT1/cmtt/m/n/12 http : / / linkinghub . elsevier . com / 
retrieve / pii /$
 []


Underfull \hbox (badness 10000) in paragraph at lines 299--306
\OT1/cmr/m/n/12 URL $\OT1/cmtt/m/n/12 http : / / linkinghub . elsevier . com / 
retrieve / pii /$
 []


Underfull \hbox (badness 1320) in paragraph at lines 308--317
[]\OT1/cmr/m/n/12 M. Gru-ji-cic, G. Arakere, H. Nal-la-gatla, W. C. Bell, I. Ha
que,
 []


Underfull \hbox (badness 1297) in paragraph at lines 308--317
\OT1/cmr/m/n/12 for-mance of an up-armoured high-mobility multi-purpose wheeled

 []


Underfull \hbox (badness 2057) in paragraph at lines 308--317
\OT1/cmr/m/n/12 ve-hi-cle, Pro-ceed-ings of the In-sti-tu-tion of Me-chan-i-cal
 En-gi-neers,
 []


Underfull \hbox (badness 10000) in paragraph at lines 308--317
\OT1/cmr/m/n/12 URL $\OT1/cmtt/m/n/12 http : / / pid . sagepub . com / lookup /
 doi / 10 . 1243 /$
 []

[44]
Underfull \hbox (badness 1168) in paragraph at lines 337--345
[]\OT1/cmr/m/n/12 M. Gru-ji-cic, G. Arakere, C.-F. Yen, B. a. Cheese-man, Com-p
u-
 []


Underfull \hbox (badness 2005) in paragraph at lines 337--345
\OT1/cmr/m/n/12 ta-tional In-ves-ti-ga-tion of Hard-ness Evo-lu-tion Dur-ing Fr
iction-Stir
 []


Underfull \hbox (badness 2126) in paragraph at lines 337--345
\OT1/cmr/m/n/12 Weld-ing of AA5083 and AA2139 Alu-minum Al-loys, Jour-nal of
 []


Underfull \hbox (badness 1142) in paragraph at lines 337--345
\OT1/cmr/m/n/12 Ma-te-ri-als En-gi-neer-ing and Per-for-mance 20 (7) (2010) 109
7--1108.
 []


Underfull \hbox (badness 10000) in paragraph at lines 337--345
\OT1/cmr/m/n/12 URL $\OT1/cmtt/m/n/12 http : / / www . springerlink . com / ind
ex / 10 . 1007 /$
 []

[45]
Underfull \hbox (badness 10000) in paragraph at lines 347--355
\OT1/cmr/m/n/12 URL $\OT1/cmtt/m/n/12 http : / / linkinghub . elsevier . com / 
retrieve / pii /$
 []

)

Package natbib Warning: There were undefined citations.

[46]
(C:\Users\mbgm6aab\Documents\AdvancedMetallicSystemsCDT\PhD\Thesis\elsarticle\P
aperPartIReview.aux) ) 
Here is how much of TeX's memory you used:
 3034 strings out of 494045
 39310 string characters out of 3145959
 96169 words of memory out of 3000000
 6272 multiletter control sequences out of 15000+200000
 13280 words of font info for 51 fonts, out of 3000000 for 9000
 715 hyphenation exceptions out of 8191
 34i,17n,30p,2466b,415s stack positions out of 5000i,500n,10000p,200000b,50000s
<C:/Program Files (x86)/MiKTeX 2.9/fonts/type1/public/ams
fonts/cm/cmbx12.pfb><C:/Program Files (x86)/MiKTeX 2.9/fonts/type1/public/amsfo
nts/cm/cmex10.pfb><C:/Program Files (x86)/MiKTeX 2.9/fonts/type1/public/amsfont
s/cm/cmmi10.pfb><C:/Program Files (x86)/MiKTeX 2.9/fonts/type1/public/amsfonts/
cm/cmmi12.pfb><C:/Program Files (x86)/MiKTeX 2.9/fonts/type1/public/amsfonts/cm
/cmmi8.pfb><C:/Program Files (x86)/MiKTeX 2.9/fonts/type1/public/amsfonts/cm/cm
r10.pfb><C:/Program Files (x86)/MiKTeX 2.9/fonts/type1/public/amsfonts/cm/cmr12
.pfb><C:/Program Files (x86)/MiKTeX 2.9/fonts/type1/public/amsfonts/cm/cmr17.pf
b><C:/Program Files (x86)/MiKTeX 2.9/fonts/type1/public/amsfonts/cm/cmr7.pfb><C
:/Program Files (x86)/MiKTeX 2.9/fonts/type1/public/amsfonts/cm/cmr8.pfb><C:/Pr
ogram Files (x86)/MiKTeX 2.9/fonts/type1/public/amsfonts/cm/cmsy10.pfb><C:/Prog
ram Files (x86)/MiKTeX 2.9/fonts/type1/public/amsfonts/cm/cmsy7.pfb><C:/Program
 Files (x86)/MiKTeX 2.9/fonts/type1/public/amsfonts/cm/cmsy8.pfb><C:/Program Fi
les (x86)/MiKTeX 2.9/fonts/type1/public/amsfonts/cm/cmti10.pfb><C:/Program File
s (x86)/MiKTeX 2.9/fonts/type1/public/amsfonts/cm/cmti12.pfb><C:/Program Files 
(x86)/MiKTeX 2.9/fonts/type1/public/amsfonts/cm/cmti7.pfb><C:/Program Files (x8
6)/MiKTeX 2.9/fonts/type1/public/amsfonts/cm/cmtt10.pfb><C:/Program Files (x86)
/MiKTeX 2.9/fonts/type1/public/amsfonts/cm/cmtt12.pfb>
Output written on PaperPartIReview.pdf (46 pages, 3366099 bytes).
PDF statistics:
 240 PDF objects out of 1000 (max. 8388607)
 0 named destinations out of 1000 (max. 500000)
 66 words of extra memory for PDF output out of 10000 (max. 10000000)

